					PAGE,120 
					SUBTTL	MONOCHROME CHARACTER GENERATOR (ES-1849 CP866 8X14) 
 0000				CODE	SEGMENT PUBLIC 
					PUBLIC	CGMN 
 0000				CGMN	LABEL	BYTE 
											; BW 8*14 PATTTERN 
 0000  00 00 00 00 00 00 00		DB	000H,000H,000H,000H,000H,000H,000H,000H ; TOP_HALF_00 
       00			
 0008  00 00 00 00 00 00		DB	000H,000H,000H,000H,000H,000H		; BOTTOM_HALF 00 
 000E  00 00 7E 81 A5 81 81		DB	000H,000H,07EH,081H,0A5H,081H,081H,0BDH ; TH_01 
       BD			
 0016  99 81 7E 00 00 00		DB	099H,081H,07EH,000H,000H,000H		; BT_01 
 001C  00 00 7E FF D8 FF FF		DB	000H,000H,07EH,0FFH,0D8H,0FFH,0FFH,0C3H ; TH_02 
       C3			
 0024  E7 FF 7E 00 00 00		DB	0E7H,0FFH,07EH,000H,000H,000H		; BT_02 
 002A  00 00 00 6C FE FE FE		DB	000H,000H,000H,06CH,0FEH,0FEH,0FEH,0FEH ; TH_03 
       FE			
 0032  7C 38 10 00 00 00		DB	07CH,038H,010H,000H,000H,000H		; BT_03 
 0038  00 00 00 10 38 7C FE		DB	000H,000H,000H,010H,038H,07CH,0FEH,07CH ; TH_04 
       7C			
 0040  38 10 00 00 00 00		DB	038H,010H,000H,000H,000H,000H		; BT_04 
 0046  00 00 18 3C 3C 18 D8		DB	000H,000H,018H,03CH,03CH,018H,0D8H,0FFH ; TH_05 
       FF			
 004E  D8 18 3C 00 00 00		DB	0D8H,018H,03CH,000H,000H,000H		; BT_05 
 0054  00 00 18 3C 7E FF FF		DB	000H,000H,018H,03CH,07EH,0FFH,0FFH,07EH ; TH_06 
       7E			
 005C  18 18 3C 00 00 00		DB	018H,018H,03CH,000H,000H,000H		; BT_06 
 0062  00 00 00 00 00 18 3C		DB	000H,000H,000H,000H,000H,018H,03CH,03CH ; TH_07 
       3C			
 006A  18 00 00 00 00 00		DB	018H,000H,000H,000H,000H,000H		; BT_07 
 0070  FF FF FF FF FF E7 C3		DB	0FFH,0FFH,0FFH,0FFH,0FFH,0E7H,0C3H,0C3H ; TH_08 
       C3			
 0078  E7 FF FF FF FF FF		DB	0E7H,0FFH,0FFH,0FFH,0FFH,0FFH		; BT_08 
 007E  00 00 00 00 3C 66 42		DB	000H,000H,000H,000H,03CH,066H,042H,042H ; TH_09 
       42			
 0086  66 3C 00 00 00 00		DB	066H,03CH,000H,000H,000H,000H		; BT_09 
 008C  FF FF FF FF C3 99 BD		DB	0FFH,0FFH,0FFH,0FFH,0C3H,099H,0BDH,0BDH ; TH_0A 
       BD			
 0094  99 C3 FF FF FF FF		DB	099H,0C3H,0FFH,0FFH,0FFH,0FFH		; BT_0A 
 009A  00 00 1E 0E 1A 32 78		DB	000H,000H,01EH,00EH,01AH,032H,078H,0CCH ; TH_0B 
       CC			
 00A2  CC CC 78 00 00 00		DB	0CCH,0CCH,078H,000H,000H,000H		; BT_0B 
 00A8  00 00 3C 66 66 66 3C		DB	000H,000H,03CH,066H,066H,066H,03CH,018H ; TH_0C 
       18			
 00B0  7E 18 18 00 00 00		DB	07EH,018H,018H,000H,000H,000H		; BT_0C 
 00B6  00 00 3F 33 3F 30 30		DB	000H,000H,03FH,033H,03FH,030H,030H,030H ; TH_0D 
       30			
 00BE  70 F0 E0 00 00 00		DB	070H,0F0H,0E0H,000H,000H,000H		; BT_0D 
 00C4  00 00 7F 63 7F 63 63		DB	000H,000H,07FH,063H,07FH,063H,063H,063H ; TH_0E 
       63			
 00CC  67 E7 E6 C0 00 00		DB	067H,0E7H,0E6H,0C0H,000H,000H		; BT_0E 
 00D2  00 00 18 18 DB 3C E7		DB	000H,000H,018H,018H,0DBH,03CH,0E7H,03CH ; TH_0F 
       3C			
 00DA  DB 18 18 00 00 00		DB	0DBH,018H,018H,000H,000H,000H		; BT_0F 
				 
 00E0  00 00 80 C0 E0 F8 FE		DB	000H,000H,080H,0C0H,0E0H,0F8H,0FEH,0F8H ; TH_10 
       F8			
 00E8  E0 C0 80 00 00 00		DB	0E0H,0C0H,080H,000H,000H,000H		; BT_10 
 00EE  00 00 01 03 07 1F 7F		DB	000H,000H,001H,003H,007H,01FH,07FH,01FH ; TH_11 
       1F			
 00F6  07 03 01 00 00 00		DB	007H,003H,001H,000H,000H,000H		; BT_11 
 00FC  00 00 18 3C 7E 18 18		DB	000H,000H,018H,03CH,07EH,018H,018H,018H ; TH_12 
       18			
 0104  7E 3C 18 00 00 00		DB	07EH,03CH,018H,000H,000H,000H		; BT_12 
 010A  00 00 66 66 66 66 66		DB	000H,000H,066H,066H,066H,066H,066H,066H ; TH_13 
       66			
 0112  00 66 66 00 00 00		DB	000H,066H,066H,000H,000H,000H		; BT_13 
 0118  00 00 7F DB DB DB 7B		DB	000H,000H,07FH,0DBH,0DBH,0DBH,07BH,01BH ; TH_14 
       1B			
 0120  1B 1B 1B 00 00 00		DB	01BH,01BH,01BH,000H,000H,000H		; BT_14 
 0126  00 7C C6 60 38 6C C6		DB	000H,07CH,0C6H,060H,038H,06CH,0C6H,0C6H ; TH_15 
       C6			
 012E  6C 38 0C C6 7C 00		DB	06CH,038H,00CH,0C6H,07CH,000H		; BT_15 
 0134  00 00 00 00 00 00 00		DB	000H,000H,000H,000H,000H,000H,000H,000H ; TH_16 
       00			
 013C  FE FE FE 00 00 00		DB	0FEH,0FEH,0FEH,000H,000H,000H		; BT_16 
 0142  00 00 18 3C 7E 18 18		DB	000H,000H,018H,03CH,07EH,018H,018H,018H ; TH_17 
       18			
 014A  7E 3C 18 7E 00 00		DB	07EH,03CH,018H,07EH,000H,000H		; BT_17 
 0150  00 00 18 3C 7E 18 18		DB	000H,000H,018H,03CH,07EH,018H,018H,018H ; TH_18 
       18			
 0158  18 18 18 00 00 00		DB	018H,018H,018H,000H,000H,000H		; BT_18 
 015E  00 00 18 18 18 18 18		DB	000H,000H,018H,018H,018H,018H,018H,018H ; TH_19 
       18			
 0166  7E 3C 18 00 00 00		DB	07EH,03CH,018H,000H,000H,000H		; BT_19 
 016C  00 00 00 00 18 0C FE		DB	000H,000H,000H,000H,018H,00CH,0FEH,00CH ; TH_1A 
       0C			
 0174  18 00 00 00 00 00		DB	018H,000H,000H,000H,000H,000H		; BT_1A 
 017A  00 00 00 00 30 60 FE		DB	000H,000H,000H,000H,030H,060H,0FEH,060H ; TH_1B 
       60			
 0182  30 00 00 00 00 00		DB	030H,000H,000H,000H,000H,000H		; BT_1B 
 0188  00 00 00 00 00 C0 C0		DB	000H,000H,000H,000H,000H,0C0H,0C0H,0C0H ; TH_1C 
       C0			
 0190  FE 00 00 00 00 00		DB	0FEH,000H,000H,000H,000H,000H		; BT_1C 
 0196  00 00 00 00 24 66 FF		DB	000H,000H,000H,000H,024H,066H,0FFH,066H ; TH_1D 
       66			
 019E  24 00 00 00 00 00		DB	024H,000H,000H,000H,000H,000H		; BT_1D 
 01A4  00 00 00 10 38 38 7C		DB	000H,000H,000H,010H,038H,038H,07CH,07CH ; TH_1E 
       7C			
 01AC  FE FE 00 00 00 00		DB	0FEH,0FEH,000H,000H,000H,000H		; BT_1E 
 01B2  00 00 00 FE FE 7C 7C		DB	000H,000H,000H,0FEH,0FEH,07CH,07CH,038H ; TH_1F 
       38			
 01BA  38 10 00 00 00 00		DB	038H,010H,000H,000H,000H,000H		; BT_1F 
				 
 01C0  00 00 00 00 00 00 00		DB	000H,000H,000H,000H,000H,000H,000H,000H ; TH_20 SP 
       00			
 01C8  00 00 00 00 00 00		DB	000H,000H,000H,000H,000H,000H		; BT_20 SP 
 01CE  00 00 18 3C 3C 3C 18		DB	000H,000H,018H,03CH,03CH,03CH,018H,018H ; TH_21 ! 
       18			
 01D6  00 18 18 00 00 00		DB	000H,018H,018H,000H,000H,000H		; BT_21 ! 
 01DC  00 66 66 66 24 00 00		DB	000H,066H,066H,066H,024H,000H,000H,000H ; TH_22 " 
       00			
 01E4  00 00 00 00 00 00		DB	000H,000H,000H,000H,000H,000H		; BT_22 " 
 01EA  00 00 6C 6C FE 6C 6C		DB	000H,000H,06CH,06CH,0FEH,06CH,06CH,06CH ; TH_23 # 
       6C			
 01F2  FE 6C 6C 00 00 00		DB	0FEH,06CH,06CH,000H,000H,000H		; BT_23 # 
 01F8  18 18 7C C6 C2 C0 7C		DB	018H,018H,07CH,0C6H,0C2H,0C0H,07CH,006H ; TH_24 $ 
       06			
 0200  86 C6 7C 18 18 00		DB	086H,0C6H,07CH,018H,018H,000H		; BT_24 $ 
 0206  00 00 00 00 C2 C6 0C		DB	000H,000H,000H,000H,0C2H,0C6H,00CH,018H ; TH_25 '%' 
       18			
 020E  30 66 C6 00 00 00		DB	030H,066H,0C6H,000H,000H,000H		; BH_25 '%' 
 0214  00 00 38 6C 6C 38 76		DB	000H,000H,038H,06CH,06CH,038H,076H,0DCH ; TH_26 & 
       DC			
 021C  CC 68 76 00 00 00		DB	0CCH,068H,076H,000H,000H,000H		; BT_26 & 
 0222  00 18 18 18 30 00 00		DB	000H,018H,018H,018H,030H,000H,000H,000H ; TH_27 ' 
       00			
 022A  00 00 00 00 00 00		DB	000H,000H,000H,000H,000H,000H		; BT_27 ' 
 0230  00 00 0C 18 30 30 30		DB	000H,000H,00CH,018H,030H,030H,030H,030H ; TH_28 ( 
       30			
 0238  30 18 0C 00 00 00		DB	030H,018H,00CH,000H,000H,000H		; BT_28 ( 
 023E  00 00 30 18 0C 0C 0C		DB	000H,000H,030H,018H,00CH,00CH,00CH,00CH ; TH_29 ) 
       0C			
 0246  0C 18 30 00 00 00		DB	00CH,018H,030H,000H,000H,000H		; BT_29 ) 
 024C  00 00 00 00 66 3C FF		DB	000H,000H,000H,000H,066H,03CH,0FFH,03CH ; TH_2A * 
       3C			
 0254  66 00 00 00 00 00		DB	066H,000H,000H,000H,000H,000H		; BT_2A * 
 025A  00 00 00 00 18 18 7E		DB	000H,000H,000H,000H,018H,018H,07EH,018H ; TH_2B + 
       18			
 0262  18 00 00 00 00 00		DB	018H,000H,000H,000H,000H,000H		; BT_2B + 
 0268  00 00 00 00 00 00 00		DB	000H,000H,000H,000H,000H,000H,000H,000H ; TH_2C , 
       00			
 0270  18 18 18 30 00 00		DB	018H,018H,018H,030H,000H,000H		; BT_2C , 
 0276  00 00 00 00 00 00 7E		DB	000H,000H,000H,000H,000H,000H,07EH,000H ; TH_2D - 
       00			
 027E  00 00 00 00 00 00		DB	000H,000H,000H,000H,000H,000H		; BT_2D - 
 0284  00 00 00 00 00 00 00		DB	000H,000H,000H,000H,000H,000H,000H,000H ; TH_2E . 
       00			
 028C  00 30 30 00 00 00		DB	000H,030H,030H,000H,000H,000H		; BT_2E . 
 0292  00 00 02 06 0C 18 30		DB	000H,000H,002H,006H,00CH,018H,030H,060H ; TH_2F / 
       60			
 029A  C0 80 00 00 00 00		DB	0C0H,080H,000H,000H,000H,000H		; BT_2F / 
				 
 02A0  00 00 7C C6 CE DE F6		DB	000H,000H,07CH,0C6H,0CEH,0DEH,0F6H,0E6H ; TH_30 0 
       E6			
 02A8  C6 C6 7C 00 00 00		DB	0C6H,0C6H,07CH,000H,000H,000H		; BT_30 0 
 02AE  00 00 18 38 78 18 18		DB	000H,000H,018H,038H,078H,018H,018H,018H ; TH_31 1 
       18			
 02B6  18 18 7E 00 00 00		DB	018H,018H,07EH,000H,000H,000H		; BT_31 1 
 02BC  00 00 7C C6 06 0C 18		DB	000H,000H,07CH,0C6H,006H,00CH,018H,030H ; TH_32 2 
       30			
 02C4  60 C6 FE 00 00 00		DB	060H,0C6H,0FEH,000H,000H,000H		; BT_32 2 
 02CA  00 00 FE 0C 18 3C 06		DB	000H,000H,0FEH,00CH,018H,03CH,006H,006H ; TH_33 3 
       06			
 02D2  06 C6 7C 00 00 00		DB	006H,0C6H,07CH,000H,000H,000H		; BT_33 3 
 02D8  00 00 0C 1C 3C 6C CC		DB	000H,000H,00CH,01CH,03CH,06CH,0CCH,0FEH ; TH_34 4 
       FE			
 02E0  0C 0C 1E 00 00 00		DB	00CH,00CH,01EH,000H,000H,000H		; BT_34 4 
 02E6  00 00 FE C0 C0 FC 06		DB	000H,000H,0FEH,0C0H,0C0H,0FCH,006H,006H ; TH_35 5 
       06			
 02EE  06 C6 7C 00 00 00		DB	006H,0C6H,07CH,000H,000H,000H		; BT_35 5 
 02F4  00 00 38 60 C0 C0 FC		DB	000H,000H,038H,060H,0C0H,0C0H,0FCH,0C6H ; TH_36 6 
       C6			
 02FC  C6 C6 7C 00 00 00		DB	0C6H,0C6H,07CH,000H,000H,000H		; BT_36 6 
 0302  00 00 FE C6 06 0C 18		DB	000H,000H,0FEH,0C6H,006H,00CH,018H,030H ; TH_37 7 
       30			
 030A  30 30 30 00 00 00		DB	030H,030H,030H,000H,000H,000H		; BT_37 7 
 0310  00 00 7C C6 C6 C6 7C		DB	000H,000H,07CH,0C6H,0C6H,0C6H,07CH,0C6H ; TH_38 8 
       C6			
 0318  C6 C6 7C 00 00 00		DB	0C6H,0C6H,07CH,000H,000H,000H		; BT_38 8 
 031E  00 00 7C C6 C6 C6 7E		DB	000H,000H,07CH,0C6H,0C6H,0C6H,07EH,006H ; TH_39 9 
       06			
 0326  06 0C 78 00 00 00		DB	006H,00CH,078H,000H,000H,000H		; BT_39 9 
 032C  00 00 00 18 18 00 00		DB	000H,000H,000H,018H,018H,000H,000H,000H ; TH_3A : 
       00			
 0334  18 18 00 00 00 00		DB	018H,018H,000H,000H,000H,000H		; BT_3A : 
 033A  00 00 00 18 18 00 00		DB	000H,000H,000H,018H,018H,000H,000H,000H ; TH_3B ; 
       00			
 0342  18 18 30 00 00 00		DB	018H,018H,030H,000H,000H,000H		; BT_3B ; 
 0348  00 00 06 0C 18 30 60		DB	000H,000H,006H,00CH,018H,030H,060H,030H ; TH_3C < 
       30			
 0350  18 0C 06 00 00 00		DB	018H,00CH,006H,000H,000H,000H		; BT_3C < 
 0356  00 00 00 00 00 7E 00		DB	000H,000H,000H,000H,000H,07EH,000H,000H ; TH_3D = 
       00			
 035E  7E 00 00 00 00 00		DB	07EH,000H,000H,000H,000H,000H		; BT_3D = 
 0364  00 00 60 30 18 0C 06		DB	000H,000H,060H,030H,018H,00CH,006H,00CH ; TH_3E > 
       0C			
 036C  18 30 60 00 00 00		DB	018H,030H,060H,000H,000H,000H		; BT_3E > 
 0372  00 00 7C C6 C6 0C 18		DB	000H,000H,07CH,0C6H,0C6H,00CH,018H,018H ; TH_3F ? 
       18			
 037A  00 18 18 00 00 00		DB	000H,018H,018H,000H,000H,000H		; BT_3F ? 
				 
 0380  00 00 7C C6 C6 DE DE		DB	000H,000H,07CH,0C6H,0C6H,0DEH,0DEH,0DEH ; TH_40 @ 
       DE			
 0388  DC C0 7C 00 00 00		DB	0DCH,0C0H,07CH,000H,000H,000H		; BT_40 @ 
 038E  00 00 10 38 6C C6 C6		DB	000H,000H,010H,038H,06CH,0C6H,0C6H,0FEH ; TH_41 A 
       FE			
 0396  C6 C6 C6 00 00 00		DB	0C6H,0C6H,0C6H,000H,000H,000H		; BT_41 A 
 039C  00 00 FC 66 66 66 7C		DB	000H,000H,0FCH,066H,066H,066H,07CH,066H ; TH_42 8 
       66			
 03A4  66 66 FC 00 00 00		DB	066H,066H,0FCH,000H,000H,000H		; BT_42 B 
 03AA  00 00 3C 66 C2 C0 C0		DB	000H,000H,03CH,066H,0C2H,0C0H,0C0H,0C0H ; TH_43 C 
       C0			
 03B2  C2 66 3C 00 00 00		DB	0C2H,066H,03CH,000H,000H,000H		; BT_43 C 
 03B8  00 00 F8 6C 66 66 66		DB	000H,000H,0F8H,06CH,066H,066H,066H,066H ; TH_44 D 
       66			
 03C0  66 6C F8 00 00 00		DB	066H,06CH,0F8H,000H,000H,000H		; BT_44 D 
 03C6  00 00 FE 66 62 68 78		DB	000H,000H,0FEH,066H,062H,068H,078H,068H ; TH_45 E 
       68			
 03CE  62 66 FE 00 00 00		DB	062H,066H,0FEH,000H,000H,000H		; BT_45 E 
 03D4  00 00 FE 66 62 68 78		DB	000H,000H,0FEH,066H,062H,068H,078H,068H ; TH_46 F 
       68			
 03DC  60 60 F0 00 00 00		DB	060H,060H,0F0H,000H,000H,000H		; BT_46 F 
 03E2  00 00 3C 66 C2 C0 C0		DB	000H,000H,03CH,066H,0C2H,0C0H,0C0H,0DEH ; TH_47 G 
       DE			
 03EA  C6 66 3A 00 00 00		DB	0C6H,066H,03AH,000H,000H,000H		; BT_47 G 
 03F0  00 00 C6 C6 C6 C6 FE		DB	000H,000H,0C6H,0C6H,0C6H,0C6H,0FEH,0C6H ; TH_48 H 
       C6			
 03F8  C6 C6 C6 00 00 00		DB	0C6H,0C6H,0C6H,000H,000H,000H		; BT_48 H 
 03FE  00 00 3C 18 18 18 18		DB	000H,000H,03CH,018H,018H,018H,018H,018H ; TH_49 I 
       18			
 0406  18 18 3C 00 00 00		DB	018H,018H,03CH,000H,000H,000H		; BT_49 I 
 040C  00 00 1E 0C 0C 0C 0C		DB	000H,000H,01EH,00CH,00CH,00CH,00CH,00CH ; TH_4A J 
       0C			
 0414  CC CC 78 00 00 00		DB	0CCH,0CCH,078H,000H,000H,000H		; BT_4A J 
 041A  00 00 E6 66 6C 6C 78		DB	000H,000H,0E6H,066H,06CH,06CH,078H,06CH ; TH_4B K 
       6C			
 0422  6C 66 E6 00 00 00		DB	06CH,066H,0E6H,000H,000H,000H		; BT_4B K 
 0428  00 00 F0 60 60 60 60		DB	000H,000H,0F0H,060H,060H,060H,060H,060H ; TH_4C L 
       60			
 0430  62 66 FE 00 00 00		DB	062H,066H,0FEH,000H,000H,000H		; BT_4C L 
 0436  00 00 C6 EE FE FE D6		DB	000H,000H,0C6H,0EEH,0FEH,0FEH,0D6H,0C6H ; TH_4D M 
       C6			
 043E  C6 C6 C6 00 00 00		DB	0C6H,0C6H,0C6H,000H,000H,000H		; BT_4D M 
 0444  00 00 C6 E6 F6 FE DE		DB	000H,000H,0C6H,0E6H,0F6H,0FEH,0DEH,0CEH ; TH_4E N 
       CE			
 044C  C6 C6 C6 00 00 00		DB	0C6H,0C6H,0C6H,000H,000H,000H		; BT_4E N 
 0452  00 00 38 6C C6 C6 C6		DB	000H,000H,038H,06CH,0C6H,0C6H,0C6H,0C6H ; TH_4F 0 
       C6			
 045A  C6 6C 38 00 00 00		DB	0C6H,06CH,038H,000H,000H,000H		; BT_4F 0 
				 
 0460  00 00 FC 66 66 66 7C		DB	000H,000H,0FCH,066H,066H,066H,07CH,060H ; TH_50 P 
       60			
 0468  60 60 F0 00 00 00		DB	060H,060H,0F0H,000H,000H,000H		; BT_50 P 
 046E  00 00 7C C6 C6 C6 C6		DB	000H,000H,07CH,0C6H,0C6H,0C6H,0C6H,0D6H ; TH_51 Q 
       D6			
 0476  DE 7C 0C 0E 00 00		DB	0DEH,07CH,00CH,00EH,000H,000H		; BT_51 Q 
 047C  00 00 FC 66 66 66 7C		DB	000H,000H,0FCH,066H,066H,066H,07CH,06CH ; TH_52 R 
       6C			
 0484  66 66 E6 00 00 00		DB	066H,066H,0E6H,000H,000H,000H		; BT_52 R 
 048A  00 00 7C C6 C6 60 38		DB	000H,000H,07CH,0C6H,0C6H,060H,038H,00CH ; TH_53 S 
       0C			
 0492  C6 C6 7C 00 00 00		DB	0C6H,0C6H,07CH,000H,000H,000H		; BT_53 S 
 0498  00 00 7E 7E 5A 18 18		DB	000H,000H,07EH,07EH,05AH,018H,018H,018H ; TH_54 T 
       18			
 04A0  18 18 3C 00 00 00		DB	018H,018H,03CH,000H,000H,000H		; BT_54 T 
 04A6  00 00 C6 C6 C6 C6 C6		DB	000H,000H,0C6H,0C6H,0C6H,0C6H,0C6H,0C6H ; TH_55 U 
       C6			
 04AE  C6 C6 7C 00 00 00		DB	0C6H,0C6H,07CH,000H,000H,000H		; BT_55 U 
 04B4  00 00 C6 C6 C6 C6 C6		DB	000H,000H,0C6H,0C6H,0C6H,0C6H,0C6H,0C6H ; TH_56 V 
       C6			
 04BC  6C 38 10 00 00 00		DB	06CH,038H,010H,000H,000H,000H		; BT_56 V 
 04C2  00 00 C6 C6 C6 C6 D6		DB	000H,000H,0C6H,0C6H,0C6H,0C6H,0D6H,0D6H ; TH_57 W 
       D6			
 04CA  FE 7C 6C 00 00 00		DB	0FEH,07CH,06CH,000H,000H,000H		; BT_57 W 
 04D0  00 00 C6 C6 6C 38 38		DB	000H,000H,0C6H,0C6H,06CH,038H,038H,038H ; TH_58 X 
       38			
 04D8  6C C6 C6 00 00 00		DB	06CH,0C6H,0C6H,000H,000H,000H		; BT_58 X 
 04DE  00 00 66 66 66 7E 3C		DB	000H,000H,066H,066H,066H,07EH,03CH,018H ; TH_59 Y 
       18			
 04E6  18 18 3C 00 00 00		DB	018H,018H,03CH,000H,000H,000H		; BT_59 Y 
 04EC  00 00 FE C6 8C 18 30		DB	000H,000H,0FEH,0C6H,08CH,018H,030H,060H ; TH_5A Z 
       60			
 04F4  C2 C6 FE 00 00 00		DB	0C2H,0C6H,0FEH,000H,000H,000H		; BT_5A Z 
 04FA  00 00 3C 30 30 30 30		DB	000H,000H,03CH,030H,030H,030H,030H,030H ; TH_5B [ 
       30			
 0502  30 30 3C 00 00 00		DB	030H,030H,03CH,000H,000H,000H		; BT_5B [ 
 0508  00 00 80 C0 E0 70 38		DB	000H,000H,080H,0C0H,0E0H,070H,038H,01CH ; TH_5C 
       1C			
 0510  0E 06 02 00 00 00		DB	00EH,006H,002H,000H,000H,000H		; BT_5C 
 0516  00 00 3C 0C 0C 0C 0C		DB	000H,000H,03CH,00CH,00CH,00CH,00CH,00CH ; TH_5D 
       0C			
 051E  0C 0C 3C 00 00 00		DB	00CH,00CH,03CH,000H,000H,000H		; BT_5D 
 0524  10 38 6C C6 00 00 00		DB	010H,038H,06CH,0C6H,000H,000H,000H,000H ; TH_5E 
       00			
 052C  00 00 00 00 00 00		DB	000H,000H,000H,000H,000H,000H		; BT_5E 
 0532  00 00 00 00 00 00 00		DB	000H,000H,000H,000H,000H,000H,000H,000H ; TH_5F _ 
       00			
 053A  00 00 00 00 FF 00		DB	000H,000H,000H,-000H,0FFH,000H		; BT_5F _ 
				 
 0540  00 18 18 18 0C 00 00		DB	000H,018H,018H,018H,00CH,000H,000H,000H ; TH_60 
       00			
 0548  00 00 00 00 00 00		DB	000H,000H,000H,000H,000H,000H		; BT_60 
 054E  00 00 00 00 00 78 0C		DB	000H,000H,000H,000H,000H,078H,00CH,07CH ; TH_61 LOWER_CASE A 
       7C			
 0556  CC CC 76 00 00 00		DB	0CCH,0CCH,076H,000H,000H,000H		; BT_61 LOWER_CASE A 
 055C  00 00 E0 60 60 78 6C		DB	000H,000H,0E0H,060H,060H,078H,06CH,066H ; TH_62 L.C. B 
       66			
 0564  66 66 7C 00 00 00		DB	066H,066H,07CH,000H,000H,000H		; BT_62 L.C. B 
 056A  00 00 00 00 00 7C C6		DB	000H,000H,000H,000H,000H,07CH,0C6H,0C0H ; TH_63 L.C. C 
       C0			
 0572  C0 C6 7C 00 00 00		DB	0C0H,0C6H,07CH,000H,000H,000H		; BT_63 L.C. C 
 0578  00 00 1C 0C 0C 3C 6C		DB	000H,000H,01CH,00CH,00CH,03CH,06CH,0CCH ; TH_64 L.C. D 
       CC			
 0580  CC CC 76 00 00 00		DB	0CCH,0CCH,076H,000H,000H,000H		; BT_64 L.C. D 
 0586  00 00 00 00 00 7C C6		DB	000H,000H,000H,000H,000H,07CH,0C6H,0FEH ; TH_65 L.C. E 
       FE			
 058E  C0 C6 7C 00 00 00		DB	0C0H,0C6H,07CH,000H,000H,000H		; BT_65 L.C. E 
 0594  00 00 1C 36 32 30 7C		DB	000H,000H,01CH,036H,032H,030H,07CH,030H ; TH_66 L.C. F 
       30			
 059C  30 30 78 00 00 00		DB	030H,030H,078H,000H,000H,000H		; BT_66 L.C. F 
 05A2  00 00 00 00 00 76 CC		DB	000H,000H,000H,000H,000H,076H,0CCH,0CCH ; TH_67 L.C. G 
       CC			
 05AA  CC 7C 0C CC 78 00		DB	0CCH,07CH,00CH,0CCH,078H,000H		; BT_67 L.C. G 
 05B0  00 00 E0 60 60 6C 76		DB	000H,000H,0E0H,060H,060H,06CH,076H,066H ; TH_68 L.C. H 
       66			
 05B8  66 66 E6 00 00 00		DB	066H,066H,0E6H,000H,000H,000H		; BT_68 L.C. H 
 05BE  00 00 18 18 00 38 18		DB	000H,000H,018H,018H,000H,038H,018H,018H ; TH_69 L.C. I 
       18			
 05C6  18 18 3C 00 00 00		DB	018H,018H,03CH,000H,000H,000H		; BT_69 L.C. I 
 05CC  00 00 06 06 00 0E 06		DB	000H,000H,006H,006H,000H,00EH,006H,006H ; TH_6A L.C. J 
       06			
 05D4  06 06 66 66 3C 00		DB	006H,006H,066H,066H,03CH,000H		; BT_6A L.C. J 
 05DA  00 00 E0 60 60 66 6C		DB	000H,000H,0E0H,060H,060H,066H,06CH,078H ; TH_6B L.C. K 
       78			
 05E2  6C 66 E6 00 00 00		DB	06CH,066H,0E6H,000H,000H,000H		; BT_6B L.C. K 
 05E8  00 00 38 18 18 18 18		DB	000H,000H,038H,018H,018H,018H,018H,018H ; TH_6C L.C. L 
       18			
 05F0  18 18 3C 00 00 00		DB	018H,018H,03CH,000H,000H,000H		; BT_6C L.C. L 
 05F6  00 00 00 00 00 EC FE		DB	000H,000H,000H,000H,000H,0ECH,0FEH,0D6H ; TH_6D L.C. M 
       D6			
 05FE  D6 D6 C6 00 00 00		DB	0D6H,0D6H,0C6H,000H,000H,000H		; BT_6D L.C. M 
 0604  00 00 00 00 00 DC 66		DB	000H,000H,000H,000H,000H,0DCH,066H,066H ; TH_6E L.C. N 
       66			
 060C  66 66 66 00 00 00		DB	066H,066H,066H,000H,000H,000H		; BT_6E L.C. N 
 0612  00 00 00 00 00 7C C6		DB	000H,000H,000H,000H,000H,07CH,0C6H,0C6H ; TH_6F L.C. O 
       C6			
 061A  C6 C6 7C 00 00 00		DB	0C6H,0C6H,07CH,000H,000H,000H		; BT_6F L.C. O 
				 
 0620  00 00 00 00 00 DC 66		DB	000H,000H,000H,000H,000H,0DCH,066H,066H ; TH_70 L.C. P 
       66			
 0628  66 7C 60 60 F0 00		DB	066H,07CH,060H,060H,0F0H,000H		; BT_70 L.C. P 
 062E  00 00 00 00 00 76 CC		DB	000H,000H,000H,000H,000H,076H,0CCH,0CCH ; TH_71 L.C. Q 
       CC			
 0636  CC 76 0C 0C 1C 00		DB	0CCH,076H,00CH,00CH,01CH,000H		; BT_71 L.C. Q 
 063C  00 00 00 00 00 DC 76		DB	000H,000H,000H,000H,000H,0DCH,076H,066H ; TH_72 L.C. R 
       66			
 0644  60 60 F0 00 00 00		DB	060H,060H,0F0H,000H,000H,000H		; BT_72 L.C. R 
 064A  00 00 00 00 00 7C C6		DB	000H,000H,000H,000H,000H,07CH,0C6H,070H ; TH_73 L.C. S 
       70			
 0652  1C C6 7C 00 00 00		DB	01CH,0C6H,07CH,000H,000H,000H		; BT_73 L.C. S 
 0658  00 00 10 30 30 FC 30		DB	000H,000H,010H,030H,030H,0FCH,030H,030H ; TH_74 L.C. T 
       30			
 0660  30 36 1C 00 00 00		DB	030H,036H,01CH,000H,000H,000H		; BT_74 L.C. T 
 0666  00 00 00 00 00 CC CC		DB	000H,000H,000H,000H,000H,0CCH,0CCH,0CCH ; TH_75 L.C. U 
       CC			
 066E  CC CC 76 00 00 00		DB	0CCH,0CCH,076H,000H,000H,000H		; BT_75 L.C. U 
 0674  00 00 00 00 00 66 66		DB	000H,000H,000H,000H,000H,066H,066H,066H ; TH_76 L.C. V 
       66			
 067C  66 3C 18 00 00 00		DB	066H,03CH,018H,000H,000H,000H		; BT_76 L.C. V 
 0682  00 00 00 00 00 C6 C6		DB	000H,000H,000H,000H,000H,0C6H,0C6H,0D6H ; TH_77 L.C. W 
       D6			
 068A  D6 FE 6C 00 00 00		DB	0D6H,0FEH,06CH,000H,000H,000H		; BT_77 L.C. W 
 0690  00 00 00 00 00 C6 6C		DB	000H,000H,000H,000H,000H,0C6H,06CH,038H ; TH_78 L.C. X 
       38			
 0698  38 6C C6 00 00 00		DB	038H,06CH,0C6H,000H,000H,000H		; BT_78 L.C. X 
 069E  00 00 00 00 00 C6 C6		DB	000H,000H,000H,000H,000H,0C6H,0C6H,0C6H ; TH_79 L.C. Y 
       C6			
 06A6  C6 7E 06 0C 78 00		DB	0C6H,07EH,006H,00CH,078H,000H		; BT_79 L.C. Y 
 06AC  00 00 00 00 00 FE CC		DB	000H,000H,000H,000H,000H,0FEH,0CCH,018H ; TH_7A L.C. Z 
       18			
 06B4  30 66 FE 00 00 00		DB	030H,066H,0FEH,000H,000H,000H		; BT_7A L.C. Z 
 06BA  00 00 0E 18 18 18 70		DB	000H,000H,00EH,018H,018H,018H,070H,018H ; TH_7B L BRAK 
       18			
 06C2  18 18 0E 00 00 00		DB	018H,018H,00EH,000H,000H,000H		; BT_7B L BRAK 
 06C8  00 00 18 18 18 18 00		DB	000H,000H,018H,018H,018H,018H,000H,018H ; TH_7C | 
       18			
 06D0  18 18 18 00 00 00		DB	018H,018H,018H,000H,000H,000H		; BT_7C | 
 06D6  00 00 70 18 18 18 0E		DB	000H,000H,070H,018H,018H,018H,00EH,018H ; TH_7D R BRAK 
       18			
 06DE  18 18 70 00 00 00		DB	018H,018H,070H,000H,000H,000H		; BT_7D R BRAK 
 06E4  00 00 76 DC 00 00 00		DB	000H,000H,076H,0DCH,000H,000H,000H,000H ; TH_7E TILDE 
       00			
 06EC  00 00 00 00 00 00		DB	000H,000H,000H,000H,000H,000H		; BT_7E TILDE 
 06F2  00 00 00 00 10 38 6C		DB	000H,000H,000H,000H,010H,038H,06CH,0C6H ; TH_7F DELTA 
       C6			
 06FA  C6 FE 00 00 00 00		DB	0C6H,0FEH,000H,000H,000H,000H		; BT_7F DELTA 
				 
 0700  00 00 1E 36 66 C6 C6		DB	000H,000H,01EH,036H,066H,0C6H,0C6H,0FEH ; TH_80 
       FE			
 0708  C6 C6 C6 00 00 00		DB	0C6H,0C6H,0C6H,000H,000H,000H		; BT_80 
 070E  00 00 FC C0 C0 C0 FC		DB	000H,000H,0FCH,0C0H,0C0H,0C0H,0FCH,0C6H ; TH_81 
       C6			
 0716  C6 C6 FC 00 00 00		DB	0C6H,0C6H,0FCH,000H,000H,000H		; BT_81 
 071C  00 00 FC C6 C6 C6 FC		DB	000H,000H,0FCH,0C6H,0C6H,0C6H,0FCH,0C6H ; TH_82 
       C6			
 0724  C6 C6 FC 00 00 00		DB	0C6H,0C6H,0FCH,000H,000H,000H		; BT_82 
 072A  00 00 7E 60 60 60 60		DB	000H,000H,07EH,060H,060H,060H,060H,060H ; TH_83 
       60			
 0732  60 60 60 00 00 00		DB	060H,060H,060H,000H,000H,000H		; BT_83 
 0738  00 00 3E 36 36 66 66		DB	000H,000H,03EH,036H,036H,066H,066H,066H ; TH_84 
       66			
 0740  66 66 FF C1 00 00		DB	066H,066H,0FFH,0C1H,000H,000H		; BT_84 
 0746  00 00 FE C0 C0 C0 F8		DB	000H,000H,0FEH,0C0H,0C0H,0C0H,0F8H,0C0H ; TH_85 
       C0			
 074E  C0 C0 FE 00 00 00		DB	0C0H,0C0H,0FEH,000H,000H,000H		; BT_85 
 0754  00 00 DB DB DB 7E 3C		DB	000H,000H,0DBH,0DBH,0DBH,07EH,03CH,07EH ; TH_86 
       7E			
 075C  DB DB DB 00 00 00		DB	0DBH,0DBH,0DBH,000H,000H,000H		; BT_86 
 0762  00 00 7C C6 06 06 1C		DB	000H,000H,07CH,0C6H,006H,006H,01CH,006H ; TH_87 
       06			
 076A  06 C6 7C 00 00 00		DB	006H,0C6H,07CH,000H,000H,000H		; BT_87 
 0770  00 00 C6 C6 CE DE FE		DB	000H,000H,0C6H,0C6H,0CEH,0DEH,0FEH,0F6H ; TH_88 
       F6			
 0778  F6 C6 C6 00 00 00		DB	0F6H,0C6H,0C6H,000H,000H,000H		; BT_88 
 077E  00 00 D6 C6 CE DE FE		DB	000H,000H,0D6H,0C6H,0CEH,0DEH,0FEH,0F6H ; TH_89 
       F6			
 0786  E6 C6 C6 00 00 00		DB	0E6H,0C6H,0C6H,000H,000H,000H		; BT_89 
 078C  00 00 C6 C6 CC D8 F8		DB	000H,000H,0C6H,0C6H,0CCH,0D8H,0F8H,0D8H ; TH_8A 
       D8			
 0794  CC C6 C6 00 00 00		DB	0CCH,0C6H,0C6H,000H,000H,000H		; BT_8A 
 079A  00 00 0E 1E 1E 36 36		DB	000H,000H,00EH,01EH,01EH,036H,036H,066H ; TH_8B 
       66			
 07A2  66 C6 C6 00 00 00		DB	066H,0C6H,0C6H,000H,000H,000H		; BT_8B 
 07A8  00 00 C6 EE EE FE D6		DB	000H,000H,0C6H,0EEH,0EEH,0FEH,0D6H,0D6H ; TH_8C 
       D6			
 07B0  C6 C6 C6 00 00 00		DB	0C6H,0C6H,0C6H,000H,000H,000H		; BT_8C 
 07B6  00 00 C6 C6 C6 C6 FE		DB	000H,000H,0C6H,0C6H,0C6H,0C6H,0FEH,0C6H ; TH_8D 
       C6			
 07BE  C6 C6 C6 00 00 00		DB	0C6H,0C6H,0C6H,000H,000H,000H		; BT_8D 
 07C4  00 00 7C C6 C6 C6 C6		DB	000H,000H,07CH,0C6H,0C6H,0C6H,0C6H,0C6H ; TH_8E 
       C6			
 07CC  C6 C6 7C 00 00 00		DB	0C6H,0C6H,07CH,000H,000H,000H		; BT_8E 
 07D2  00 00 FE C6 C6 C6 C6		DB	000H,000H,0FEH,0C6H,0C6H,0C6H,0C6H,0C6H ; TH_8F 
       C6			
 07DA  C6 C6 C6 00 00 00		DB	0C6H,0C6H,0C6H,000H,000H,000H		; BT_8F 
				 
 07E0  00 00 FC C6 C6 C6 FC		DB	000H,000H,0FCH,0C6H,0C6H,0C6H,0FCH,0C0H ; TH_90 
       C0			
 07E8  C0 C0 C0 00 00 00		DB	0C0H,0C0H,0C0H,000H,000H,000H		; BT_90 
 07EE  00 00 7C C6 C0 C0 C0		DB	000H,000H,07CH,0C6H,0C0H,0C0H,0C0H,0C0H ; TH_91 
       C0			
 07F6  C0 C6 7C 00 00 00		DB	0C0H,0C6H,07CH,000H,000H,000H		; BT_91 
 07FC  00 00 7E 18 18 18 18		DB	000H,000H,07EH,018H,018H,018H,018H,018H ; TH_92 
       18			
 0804  18 18 18 00 00 00		DB	018H,018H,018H,000H,000H,000H		; BT_92 
 080A  00 00 C6 C6 C6 C6 7E		DB	000H,000H,0C6H,0C6H,0C6H,0C6H,07EH,006H ; TH_93 
       06			
 0812  06 C6 7C 00 00 00		DB	006H,0C6H,07CH,000H,000H,000H		; BT_93 
 0818  00 00 7E DB DB DB DB		DB	000H,000H,07EH,0DBH,0DBH,0DBH,0DBH,0DBH ; TH_94 
       DB			
 0820  7E 18 18 00 00 00		DB	07EH,018H,018H,000H,000H,000H		; BT_94 
 0826  00 00 C6 C6 6C 38 38		DB	000H,000H,0C6H,0C6H,06CH,038H,038H,038H ; TH_95 
       38			
 082E  6C C6 C6 00 00 00		DB	06CH,0C6H,0C6H,000H,000H,000H		; BT_95 
 0834  00 00 CC CC CC CC CC		DB	000H,000H,0CCH,0CCH,0CCH,0CCH,0CCH,0CCH ; TH_96 
       CC			
 083C  CC CC FE 06 00 00		DB	0CCH,0CCH,0FEH,006H,000H,000H		; BT_96 
 0842  00 00 C6 C6 C6 C6 7E		DB	000H,000H,0C6H,0C6H,0C6H,0C6H,07EH,006H ; TH_97 
       06			
 084A  06 06 06 00 00 00		DB	006H,006H,006H,000H,000H,000H		; BT_97 
 0850  00 00 D6 D6 D6 D6 D6		DB	000H,000H,0D6H,0D6H,0D6H,0D6H,0D6H,0D6H ; TH_98 
       D6			
 0858  D6 D6 FE 00 00 00		DB	0D6H,0D6H,0FEH,000H,000H,000H		; BT_98 
 085E  00 00 D6 D6 D6 D6 D6		DB	000H,000H,0D6H,0D6H,0D6H,0D6H,0D6H,0D6H ; TH_99 
       D6			
 0866  D6 D6 FF 03 00 00		DB	0D6H,0D6H,0FFH,003H,000H,000H		; BT_99 
 086C  00 00 F0 30 30 30 3E		DB	000H,000H,0F0H,030H,030H,030H,03EH,033H ; TH_9A 
       33			
 0874  33 33 3E 00 00 00		DB	033H,033H,03EH,000H,000H,000H		; BT_9A 
 087A  00 00 C6 C6 C6 C6 F6		DB	000H,000H,0C6H,0C6H,0C6H,0C6H,0F6H,0DAH ; TH_9B 
       DA			
 0882  DA DA F6 00 00 00		DB	0DAH,0DAH,0F6H,000H,000H,000H		; BT_9B 
 0888  00 00 C0 C0 C0 C0 FC		DB	000H,000H,0C0H,0C0H,0C0H,0C0H,0FCH,0C6H ; TH_9C 
       C6			
 0890  C6 C6 FC 00 00 00		DB	0C6H,0C6H,0FCH,000H,000H,000H		; BT_9C 
 0896  00 00 78 CC 86 06 3E		DB	000H,000H,078H,0CCH,086H,006H,03EH,006H ; TH_9D 
       06			
 089E  86 CC 78 00 00 00		DB	086H,0CCH,078H,000H,000H,000H		; BT_9D 
 08A4  00 00 CE DB DB DB FB		DB	000H,000H,0CEH,0DBH,0DBH,0DBH,0FBH,0DBH ; TH_9E 
       DB			
 08AC  DB DB CE 00 00 00		DB	0DBH,0DBH,0CEH,000H,000H,000H		; BT_9E 
 08B2  00 00 7E C6 C6 C6 7E		DB	000H,000H,07EH,0C6H,0C6H,0C6H,07EH,036H ; TH_9F 
       36			
 08BA  66 C6 C6 00 00 00		DB	066H,0C6H,0C6H,000H,000H,000H		; BT_9F 
				 
 08C0  00 00 00 00 00 78 0C		DB	000H,000H,000H,000H,000H,078H,00CH,07CH ; TH_A0 
       7C			
 08C8  CC CC 7E 00 00 00		DB	0CCH,0CCH,07EH,000H,000H,000H		; BT_A0 
 08CE  00 00 06 3C 60 C0 FC		DB	000H,000H,006H,03CH,060H,0C0H,0FCH,0C6H ; TH_A1 
       C6			
 08D6  C6 C6 7C 00 00 00		DB	0C6H,0C6H,07CH,000H,000H,000H		; BT_A1 
 08DC  00 00 00 00 00 FC C6		DB	000H,000H,000H,000H,000H,0FCH,0C6H,0FCH ; TH_A2 
       FC			
 08E4  C6 C6 FC 00 00 00		DB	0C6H,0C6H,0FCH,000H,000H,000H		; BT_A2 
 08EA  00 00 00 00 00 7E 60		DB	000H,000H,000H,000H,000H,07EH,060H,060H ; TH_A3 
       60			
 08F2  60 60 60 00 00 00		DB	060H,060H,060H,000H,000H,000H		; BT_A3 
 08F8  00 00 00 00 00 1E 36		DB	000H,000H,000H,000H,000H,01EH,036H,036H ; TH_A4 
       36			
 0900  66 66 FF C3 00 00		DB	066H,066H,0FFH,0C3H,000H,000H		; BT_A4 
 0906  00 00 00 00 00 7C C6		DB	000H,000H,000H,000H,000H,07CH,0C6H,0C6H ; TH_A5 
       C6			
 090E  FE C0 7C 00 00 00		DB	0FEH,0C0H,07CH,000H,000H,000H		; BT_A5 
 0914  00 00 00 00 00 DB 7E		DB	000H,000H,000H,000H,000H,0DBH,07EH,03CH ; TH_A6 
       3C			
 091C  7E DB DB 00 00 00		DB	07EH,0DBH,0DBH,000H,000H,000H		; BT_A6 
 0922  00 00 00 00 00 7C C6		DB	000H,000H,000H,000H,000H,07CH,0C6H,01CH ; TH_A7 
       1C			
 092A  06 C6 7C 00 00 00		DB	006H,0C6H,07CH,000H,000H,000H		; BT_A7 
 0930  00 00 00 00 00 C6 CE		DB	000H,000H,000H,000H,000H,0C6H,0CEH,0DEH ; TH_A8 
       DE			
 0938  F6 E6 C6 00 00 00		DB	0F6H,0E6H,0C6H,000H,000H,000H		; BT_AB 
 093E  00 00 00 38 00 C6 CE		DB	000H,000H,000H,038H,000H,0C6H,0CEH,0DEH ; TH_A9 
       DE			
 0946  F6 E6 C6 00 00 00		DB	0F6H,0E6H,0C6H,000H,000H,000H		; BT_A9 
 094C  00 00 00 00 00 CE D8		DB	000H,000H,000H,000H,000H,0CEH,0D8H,0F0H ; TH_AA 
       F0			
 0954  D8 CC C6 00 00 00		DB	0D8H,0CCH,0C6H,000H,000H,000H		; BT_AA 
 095A  00 00 00 00 00 1E 36		DB	000H,000H,000H,000H,000H,01EH,036H,036H ; TH_AB 
       36			
 0962  66 66 C6 00 00 00		DB	066H,066H,0C6H,000H,000H,000H		; BT_AB 
 0968  00 00 00 00 00 C6 EE		DB	000H,000H,000H,000H,000H,0C6H,0EEH,0FEH ; TH_AC 
       FE			
 0970  D6 C6 C6 00 00 00		DB	0D6H,0C6H,0C6H,000H,000H,000H		; BT_AC 
 0976  00 00 00 00 00 C6 C6		DB	000H,000H,000H,000H,000H,0C6H,0C6H,0FEH ; TH_AD 
       FE			
 097E  C6 C6 C6 00 00 00		DB	0C6H,0C6H,0C6H,000H,000H,000H		; BT_AD 
 0984  00 00 00 00 00 7C C6		DB	000H,000H,000H,000H,000H,07CH,0C6H,0C6H ; TH_AE 
       C6			
 098C  C6 C6 7C 00 00 00		DB	0C6H,0C6H,07CH,000H,000H,000H		; BT_AE 
 0992  00 00 00 00 00 FE C6		DB	000H,000H,000H,000H,000H,0FEH,0C6H,0C6H ; TH_AF 
       C6			
 099A  C6 C6 C6 00 00 00		DB	0C6H,0C6H,0C6H,000H,000H,000H		; BT_AF 
				 
 09A0  11 44 11 44 11 44 11		DB	011H,044H,011H,044H,011H,044H,011H,044H ; TH_B0 
       44			
 09A8  11 44 11 44 11 44		DB	011H,044H,011H,044H,011H,044H		; BT_B0 
 09AE  55 AA 55 AA 55 AA 55		DB	055H,0AAH,055H,0AAH,055H,0AAH,055H,0AAH ; TH_B1 
       AA			
 09B6  55 AA 55 AA 55 AA		DB	055H,0AAH,055H,0AAH,055H,0AAH		; BT_B1 
 09BC  DD 77 DD 77 DD 77 DD		DB	0DDH,077H,0DDH,077H,0DDH,077H,0DDH,077H ; TH_B2 
       77			
 09C4  DD 77 DD 77 DD 77		DB	0DDH,077H,0DDH,077H,0DDH,077H		; BT_B2 
 09CA  18 18 18 18 18 18 18		DB	018H,018H,018H,018H,018H,018H,018H,018H ; TH_B3 
       18			
 09D2  18 18 18 18 18 18		DB	018H,018H,018H,018H,018H,018H		; BT_B3 
 09D8  18 18 18 18 18 18 18		DB	018H,018H,018H,018H,018H,018H,018H,0F8H ; TH_B4 
       F8			
 09E0  18 18 18 18 18 18		DB	018H,018H,018H,018H,018H,018H		; BT_B4 
 09E6  18 18 18 18 18 F8 18		DB	018H,018H,018H,018H,018H,0F8H,018H,0F8H ; TH_B5 
       F8			
 09EE  18 18 18 18 18 18		DB	018H,018H,018H,018H,018H,018H		; BT_B5 
 09F4  36 36 36 36 36 36 36		DB	036H,036H,036H,036H,036H,036H,036H,0F6H ; TH_B6 
       F6			
 09FC  36 36 36 36 36 36		DB	036H,036H,036H,036H,036H,036H		; BT_B6 
 0A02  00 00 00 00 00 00 00		DB	000H,000H,000H,000H,000H,000H,000H,0FEH ; TH_B7 
       FE			
 0A0A  36 36 36 36 36 36		DB	036H,036H,036H,036H,036H,036H		; BT_B7 
 0A10  00 00 00 00 00 F8 18		DB	000H,000H,000H,000H,000H,0F8H,018H,0F8H ; TH_B8 
       F8			
 0A18  18 18 18 18 18 18		DB	018H,018H,018H,018H,018H,018H		; BT_B8 
 0A1E  36 36 36 36 36 F6 06		DB	036H,036H,036H,036H,036H,0F6H,006H,0F6H ; TH_B9 
       F6			
 0A26  36 36 36 36 36 36		DB	036H,036H,036H,036H,036H,036H		; BT_B9 
 0A2C  36 36 36 36 36 36 36		DB	036H,036H,036H,036H,036H,036H,036H,036H ; TH_BA 
       36			
 0A34  36 36 36 36 36 36		DB	036H,036H,036H,036H,036H,036H		; BT_BA 
 0A3A  00 00 00 00 00 FE 06		DB	000H,000H,000H,000H,000H,0FEH,006H,0F6H ; TH_BB 
       F6			
 0A42  36 36 36 36 36 36		DB	036H,036H,036H,036H,036H,036H		; BT_BB 
 0A48  36 36 36 36 36 F6 06		DB	036H,036H,036H,036H,036H,0F6H,006H,0FEH ; TH_BC 
       FE			
 0A50  00 00 00 00 00 00		DB	000H,000H,000H,000H,000H,000H		; BT_BC 
 0A56  36 36 36 36 36 36 36		DB	036H,036H,036H,036H,036H,036H,036H,0FEH ; TH_BD 
       FE			
 0A5E  00 00 00 00 00 00		DB	000H,000H,000H,000H,000H,000H		; BT_BD 
 0A64  18 18 18 18 18 F8 18		DB	018H,018H,018H,018H,018H,0F8H,018H,0F8H ; TH_BE 
       F8			
 0A6C  00 00 00 00 00 00		DB	000H,000H,000H,000H,000H,000H		; BT_BE 
 0A72  00 00 00 00 00 00 00		DB	000H,000H,000H,000H,000H,000H,000H,0F8H ; TH_BF 
       F8			
 0A7A  18 18 18 18 18 18		DB	018H,018H,018H,018H,018H,018H		; BT_BF 
				 
 0A80  18 18 18 18 18 18 18		DB	018H,018H,018H,018H,018H,018H,018H,01FH ; TH_C0 
       1F			
 0A88  00 00 00 00 00 00		DB	000H,000H,000H,000H,000H,000H		; BT_C0 
 0A8E  18 18 18 18 18 18 18		DB	018H,018H,018H,018H,018H,018H,018H,0FFH ; TH_C1 
       FF			
 0A96  00 00 00 00 00 00		DB	000H,000H,000H,000H,000H,000H		; BT_C1 
 0A9C  00 00 00 00 00 00 00		DB	000H,000H,000H,000H,000H,000H,000H,0FFH ; TH_C2 
       FF			
 0AA4  18 18 18 18 18 18		DB	018H,018H,018H,018H,018H,018H		; BT_C2 
 0AAA  18 18 18 18 18 18 18		DB	018H,018H,018H,018H,018H,018H,018H,01FH ; TH_C3 
       1F			
 0AB2  18 18 18 18 18 18		DB	018H,018H,018H,018H,018H,018H		; BT_C3 
 0AB8  00 00 00 00 00 00 00		DB	000H,000H,000H,000H,000H,000H,000H,0FFH ; TH_C4 
       FF			
 0AC0  00 00 00 00 00 00		DB	000H,000H,000H,000H,000H,000H		; BT_C4 
 0AC6  18 18 18 18 18 18 18		DB	018H,018H,018H,018H,018H,018H,018H,0FFH ; TH_C5 
       FF			
 0ACE  18 18 18 18 18 18		DB	018H,018H,018H,018H,018H,018H		; BT_C5 
 0AD4  18 18 18 18 18 1F 18		DB	018H,018H,018H,018H,018H,01FH,018H,01FH ; TH_C6 
       1F			
 0ADC  18 18 18 18 18 18		DB	018H,018H,018H,018H,018H,018H		; BT_C6 
 0AE2  36 36 36 36 36 36 36		DB	036H,036H,036H,036H,036H,036H,036H,037H ; TH_C7 
       37			
 0AEA  36 36 36 36 36 36		DB	036H,036H,036H,036H,036H,036H		; BT_C7 
 0AF0  36 36 36 36 36 37 30		DB	036H,036H,036H,036H,036H,037H,030H,03FH ; TH_C8 
       3F			
 0AF8  00 00 00 00 00 00		DB	000H,000H,000H,000H,000H,000H		; BT_C8 
 0AFE  00 00 00 00 00 3F 30		DB	000H,000H,000H,000H,000H,03FH,030H,037H ; TH_C9 
       37			
 0B06  36 36 36 36 36 36		DB	036H,036H,036H,036H,036H,036H		; BT_C9 
 0B0C  36 36 36 36 36 F7 00		DB	036H,036H,036H,036H,036H,0F7H,000H,0FFH ; TH_CA 
       FF			
 0B14  00 00 00 00 00 00		DB	000H,000H,000H,000H,000H,000H		; BT_CA 
 0B1A  00 00 00 00 00 FF 00		DB	000H,000H,000H,000H,000H,0FFH,000H,0F7H ; TH_CB 
       F7			
 0B22  36 36 36 36 36 36		DB	036H,036H,036H,036H,036H,036H		; BT_CB 
 0B28  36 36 36 36 36 37 30		DB	036H,036H,036H,036H,036H,037H,030H,037H ; TH_CC 
       37			
 0B30  36 36 36 36 36 36		DB	036H,036H,036H,036H,036H,036H		; BT_CC 
 0B36  00 00 00 00 00 FF 00		DB	000H,000H,000H,000H,000H,0FFH,000H,0FFH ; TH_CD 
       FF			
 0B3E  00 00 00 00 00 00		DB	000H,000H,000H,000H,000H,000H		; BT_CD 
 0B44  36 36 36 36 36 F7 00		DB	036H,036H,036H,036H,036H,0F7H,000H,0F7H ; TH_CE 
       F7			
 0B4C  36 36 36 36 36 36		DB	036H,036H,036H,036H,036H,036H		; BT_CE 
 0B52  18 18 18 18 18 FF 00		DB	018H,018H,018H,018H,018H,0FFH,000H,0FFH ; TH_CF 
       FF			
 0B5A  00 00 00 00 00 00		DB	000H,000H,000H,000H,000H,000H		; BT_CF 
				 
 0B60  36 36 36 36 36 36 36		DB	036H,036H,036H,036H,036H,036H,036H,0FFH ; TH_D0 
       FF			
 0B68  00 00 00 00 00 00		DB	000H,000H,000H,000H,000H,000H		; BT_D0 
 0B6E  00 00 00 00 00 FF 00		DB	000H,000H,000H,000H,000H,0FFH,000H,0FFH ; TH_D1 
       FF			
 0B76  18 18 18 18 18 18		DB	018H,018H,018H,018H,018H,018H		; BT_D1 
 0B7C  00 00 00 00 00 00 00		DB	000H,000H,000H,000H,000H,000H,000H,0FFH ; TH_D2 
       FF			
 0B84  36 36 36 36 36 36		DB	036H,036H,036H,036H,036H,036H		; BT_D2 
 0B8A  36 36 36 36 36 36 36		DB	036H,036H,036H,036H,036H,036H,036H,03FH ; TH_D3 
       3F			
 0B92  00 00 00 00 00 00		DB	000H,000H,000H,000H,000H,000H		; BT_D3 
 0B98  18 18 18 18 18 1F 18		DB	018H,018H,018H,018H,018H,01FH,018H,01FH ; TH_D4 
       1F			
 0BA0  00 00 00 00 00 00		DB	000H,000H,000H,000H,000H,000H		; BT_D4 
 0BA6  00 00 00 00 00 1F 18		DB	000H,000H,000H,000H,000H,01FH,018H,01FH ; TH_D5 
       1F			
 0BAE  18 18 18 18 18 18		DB	018H,018H,018H,018H,018H,018H		; BT_D5 
 0BB4  00 00 00 00 00 00 00		DB	000H,000H,000H,000H,000H,000H,000H,03FH ; TH_D6 
       3F			
 0BBC  36 36 36 36 36 36		DB	036H,036H,036H,036H,036H,036H		; BT_D6 
 0BC2  36 36 36 36 36 36 36		DB	036H,036H,036H,036H,036H,036H,036H,0FFH ; TH_D7 
       FF			
 0BCA  36 36 36 36 36 36		DB	036H,036H,036H,036H,036H,036H		; BT_D7 
 0BD0  18 18 18 18 18 FF 18		DB	018H,018H,018H,018H,018H,0FFH,018H,0FFH ; TH_D8 
       FF			
 0BD8  18 18 18 18 18 18		DB	018H,018H,018H,018H,018H,018H		; BT_D8 
 0BDE  18 18 18 18 18 18 18		DB	018H,018H,018H,018H,018H,018H,018H,0F8H ; TH_D9 
       F8			
 0BE6  00 00 00 00 00 00		DB	000H,000H,000H,000H,000H,000H		; BT_D9 
 0BEC  00 00 00 00 00 00 00		DB	000H,000H,000H,000H,000H,000H,000H,01FH ; TH_DA 
       1F			
 0BF4  18 18 18 18 18 18		DB	018H,018H,018H,018H,018H,018H		; BT_DA 
 0BFA  FF FF FF FF FF FF FF		DB	0FFH,0FFH,0FFH,0FFH,0FFH,0FFH,0FFH,0FFH ; TH_DB 
       FF			
 0C02  FF FF FF FF FF FF		DB	0FFH,0FFH,0FFH,0FFH,0FFH,0FFH		; BT_DB 
 0C08  00 00 00 00 00 00 00		DB	000H,000H,000H,000H,000H,000H,000H,0FFH ; TH_DC 
       FF			
 0C10  FF FF FF FF FF FF		DB	0FFH,0FFH,0FFH,0FFH,0FFH,0FFH		; BT_DC 
 0C16  F0 F0 F0 F0 F0 F0 F0		DB	0F0H,0F0H,0F0H,0F0H,0F0H,0F0H,0F0H,0F0H ; TH_DD 
       F0			
 0C1E  F0 F0 F0 F0 F0 F0		DB	0F0H,0F0H,0F0H,0F0H,0F0H,0F0H		; BT_DD 
 0C24  0F 0F 0F 0F 0F 0F 0F		DB	00FH,00FH,00FH,00FH,00FH,00FH,00FH,00FH ; TH_DE 
       0F			
 0C2C  0F 0F 0F 0F 0F 0F		DB	00FH,00FH,00FH,00FH,00FH,00FH		; BT_DE 
 0C32  FF FF FF FF FF FF FF		DB	0FFH,0FFH,0FFH,0FFH,0FFH,0FFH,0FFH,000H ; TH_DF 
       00			
 0C3A  00 00 00 00 00 00		DB	000H,000H,000H,000H,000H,000H		; BT_DF 
				 
 0C40  00 00 00 00 00 FC C6		DB	000H,000H,000H,000H,000H,0FCH,0C6H,0C6H ; TH_E0 
       C6			
 0C48  C6 FC C0 C0 C0 00		DB	0C6H,0FCH,0C0H,0C0H,0C0H,000H		; BT_E0 
 0C4E  00 00 00 00 00 7C C6		DB	000H,000H,000H,000H,000H,07CH,0C6H,0C0H ; TH_E1 
       C0			
 0C56  C0 C6 7C 00 00 00		DB	0C0H,0C6H,07CH,000H,000H,000H		; BT_E1 
 0C5C  00 00 00 00 00 7E 18		DB	000H,000H,000H,000H,000H,07EH,018H,018H ; TH_E2 
       18			
 0C64  18 18 18 00 00 00		DB	018H,018H,018H,000H,000H,000H		; BT_E2 
 0C6A  00 00 00 00 00 C6 C6		DB	000H,000H,000H,000H,000H,0C6H,0C6H,0C6H ; TH_E3 
       C6			
 0C72  C6 7E 0C 18 70 00		DB	0C6H,07EH,00CH,018H,070H,000H		; BT_E3 
 0C78  00 00 00 18 18 7E DB		DB	000H,000H,000H,018H,018H,07EH,0DBH,0DBH ; TH_E4 
       DB			
 0C80  DB DB 7E 18 18 00		DB	0DBH,0DBH,07EH,018H,018H,000H		; BT_E4 
 0C86  00 00 00 00 00 C6 6C		DB	000H,000H,000H,000H,000H,0C6H,06CH,038H ; TH_E5 
       38			
 0C8E  6C C6 C6 00 00 00		DB	06CH,0C6H,0C6H,000H,000H,000H		; BT_E5 
 0C94  00 00 00 00 00 CC CC		DB	000H,000H,000H,000H,000H,0CCH,0CCH,0CCH ; TH_E6 
       CC			
 0C9C  CC CC FE 06 00 00		DB	0CCH,0CCH,0FEH,006H,000H,000H		; BT_E6 
 0CA2  00 00 00 00 00 C6 C6		DB	000H,000H,000H,000H,000H,0C6H,0C6H,0C6H ; TH_E7 
       C6			
 0CAA  7E 06 06 00 00 00		DB	07EH,006H,006H,000H,000H,000H		; BT_E7 
 0CB0  00 00 00 00 00 D6 D6		DB	000H,000H,000H,000H,000H,0D6H,0D6H,0D6H ; TH_E8 
       D6			
 0CB8  D6 D6 FE 00 00 00		DB	0D6H,0D6H,0FEH,000H,000H,000H		; BT_E8 
 0CBE  00 00 00 00 00 D6 D6		DB	000H,000H,000H,000H,000H,0D6H,0D6H,0D6H ; TH_E9 
       D6			
 0CC6  D6 D6 FF 03 00 00		DB	0D6H,0D6H,0FFH,003H,000H,000H		; BT_E9 
 0CCC  00 00 00 00 00 F0 30		DB	000H,000H,000H,000H,000H,0F0H,030H,03CH ; TH_EA 
       3C			
 0CD4  36 36 3C 00 00 00		DB	036H,036H,03CH,000H,000H,000H		; BT_EA 
 0CDA  00 00 00 00 00 C6 C6		DB	000H,000H,000H,000H,000H,0C6H,0C6H,0F6H ; TH_EB 
       F6			
 0CE2  DA DA F6 00 00 00		DB	0DAH,0DAH,0F6H,000H,000H,000H		; BT_EB 
 0CE8  00 00 00 00 00 C0 C0		DB	000H,000H,000H,000H,000H,0C0H,0C0H,0FCH ; TH_EC 
       FC			
 0CF0  C6 C6 FC 00 00 00		DB	0C6H,0C6H,0FCH,000H,000H,000H		; BT_EC 
 0CF6  00 00 00 00 00 7C C6		DB	000H,000H,000H,000H,000H,07CH,0C6H,01EH ; TH_ED 
       1E			
 0CFE  06 C6 7C 00 00 00		DB	006H,0C6H,07CH,000H,000H,000H		; BT_ED 
 0D04  00 00 00 00 00 CE DB		DB	000H,000H,000H,000H,000H,0CEH,0DBH,0FBH ; TH_EE 
       FB			
 0D0C  DB DB CE 00 00 00		DB	0DBH,0DBH,0CEH,000H,000H,000H		; BT_EE 
 0D12  00 00 00 00 00 7E C6		DB	000H,000H,000H,000H,000H,07EH,0C6H,0C6H ; TH_EF 
       C6			
 0D1A  7E 36 66 00 00 00		DB	07EH,036H,066H,000H,000H,000H		; BT_EF 
				 
 0D20  00 6C 00 FE C0 C0 FC		DB	000H,06CH,000H,0FEH,0C0H,0C0H,0FCH,0C0H ; TH_F0 
       C0			
 0D28  C0 C0 FE 00 00 00		DB	0C0H,0C0H,0FEH,000H,000H,000H		; BT_F0 
 0D2E  00 00 00 6C 00 7C C6		DB	000H,000H,000H,06CH,000H,07CH,0C6H,0C6H ; TH_F1 
       C6			
 0D36  FE C0 7C 00 00 00		DB	0FEH,0C0H,07CH,000H,000H,000H		; BT_F1 
 0D3C  00 00 00 00 00 00 00		DB	000H,000H,000H,000H,000H,000H,000H,003H ; TH_F2 
       03			
 0D44  03 06 06 0C 0C 18		DB	003H,006H,006H,00CH,00CH,018H		; BT_F2 
 0D4A  00 00 00 00 00 00 00		DB	000H,000H,000H,000H,000H,000H,000H,0C0H ; TH_F3 
       C0			
 0D52  C0 60 60 30 30 18		DB	0C0H,060H,060H,030H,030H,018H		; BT_F3 
 0D58  18 18 30 30 60 60 C0		DB	018H,018H,030H,030H,060H,060H,0C0H,0C0H ; TH_F4 
       C0			
 0D60  00 00 00 00 00 00		DB	000H,000H,000H,000H,000H,000H		; BT_F4 
 0D66  18 18 0C 0C 06 06 03		DB	018H,018H,00CH,00CH,006H,006H,003H,003H ; TH_F5 
       03			
 0D6E  00 00 00 00 00 00		DB	000H,000H,000H,000H,000H,000H		; BT_F5 
 0D74  00 00 00 00 18 0C FE		DB	000H,000H,000H,000H,018H,00CH,0FEH,00CH ; TH_F6 
       0C			
 0D7C  18 00 00 00 00 00		DB	018H,000H,000H,000H,000H,000H		; BT_F6 
 0D82  00 00 00 00 30 60 FE		DB	000H,000H,000H,000H,030H,060H,0FEH,060H ; TH_F7 
       60			
 0D8A  30 00 00 00 00 00		DB	030H,000H,000H,000H,000H,000H		; BT_F7 
 0D90  00 00 18 18 18 18 18		DB	000H,000H,018H,018H,018H,018H,018H,018H ; TH_F8 
       18			
 0D98  7E 3C 18 00 00 00		DB	07EH,03CH,018H,000H,000H,000H		; BT_F8 
 0D9E  00 00 18 3C 7E 18 18		DB	000H,000H,018H,03CH,07EH,018H,018H,018H ; TH_F9 
       18			
 0DA6  18 18 18 00 00 00		DB	018H,018H,018H,000H,000H,000H		; BT_F9 
 0DAC  00 00 00 18 18 00 7E		DB	000H,000H,000H,018H,018H,000H,07EH,000H ; TH_FA 
       00			
 0DB4  18 18 00 00 00 00		DB	018H,018H,000H,000H,000H,000H		; BT_FA 
 0DBA  00 00 00 18 18 7E 18		DB	000H,000H,000H,018H,018H,07EH,018H,018H ; TH_FB 
       18			
 0DC2  00 7E 00 00 00 00		DB	000H,07EH,000H,000H,000H,000H		; BT_FB 
 0DC8  00 00 8E C8 E8 BB 9B		DB	000H,000H,08EH,0C8H,0E8H,0BBH,09BH,088H ; TH_FC 
       88			
 0DD0  8B 88 88 00 00 00		DB	08BH,088H,088H,000H,000H,000H		; BT_FC 
 0DD6  00 00 00 00 C6 7C C6		DB	000H,000H,000H,000H,0C6H,07CH,0C6H,0C6H ; TH_FD 
       C6			
 0DDE  7C C6 00 00 00 00		DB	07CH,0C6H,000H,000H,000H,000H		; BT_FD 
 0DE4  00 00 00 00 7C 7C 7C		DB	000H,000H,000H,000H,07CH,07CH,07CH,07CH ; TH_FE 
       7C			
 0DEC  7C 7C 00 00 00 00		DB	07CH,07CH,000H,000H,000H,000H		; BT_FE 
 0DF2  00 00 00 00 00 00 00		DB	000H,000H,000H,000H,000H,000H,000H,000H ; TH_FF 
       00			
 0DFA  00 00 00 00 00 00		DB	000H,000H,000H,000H,000H,000H		; BT_FF 
 0E00				CODE	ENDS 
					END 
Segments and Groups:

                N a m e         	Length	 Align	Combine Class

CODE . . . . . . . . . . . . . .  	0E00	PARA	PUBLIC	

Symbols:            

                N a m e         	Type	 Value	 Attr

CGMN . . . . . . . . . . . . . .  	L BYTE	0000	CODE	Global

@FILENAME  . . . . . . . . . . .  	TEXT  VCGMN		


    535 Source  Lines
    535 Total   Lines
      4 Symbols

  49614 + 366594 Bytes symbol space free

      0 Warning Errors
      0 Severe  Errors
