					PAGE,120 
					SUBTTL	DOUBLE DOT CHARACTER GENERATOR (ROB ISO 8X8) 
 0000				CODE	SEGMENT PUBLIC 
					PUBLIC	CGDDOT,INT_1F_1 
 0000				CGDDOT	LABEL	BYTE 
											; DOUBLE DOT 
 0000  00 00 00 00 00 00 00		DB	000H,000H,000H,000H,000H,000H,000H,000H ; D_00 
       00			
 0008  7E 81 A5 81 BD 99 81		DB	07EH,081H,0A5H,081H,0BDH,099H,081H,07EH ; D_01 
       7E			
 0010  7E FF DB FF C3 E7 FF		DB	07EH,0FFH,0DBH,0FFH,0C3H,0E7H,0FFH,07EH ; D_02 
       7E			
 0018  6C FE FE FE 7C 38 10		DB	06CH,0FEH,0FEH,0FEH,07CH,038H,010H,000H ; D_03 
       00			
 0020  10 38 7C FE 7C 38 10		DB	010H,038H,07CH,0FEH,07CH,038H,010H,000H ; D_04 
       00			
 0028  38 7C 38 FE FE D6 10		DB	038H,07CH,038H,0FEH,0FEH,0D6H,010H,038H ; D_05 
       38			
 0030  10 10 38 7C FE 7C 10		DB	010H,010H,038H,07CH,0FEH,07CH,010H,038H ; D_06 
       38			
 0038  00 00 18 3C 3C 18 00		DB	000H,000H,018H,03CH,03CH,018H,000H,000H ; D_07 
       00			
 0040  FF FF E7 C3 C3 E7 FF		DB	0FFH,0FFH,0E7H,0C3H,0C3H,0E7H,0FFH,0FFH ; D_08 
       FF			
 0048  00 3C 66 42 42 66 3C		DB	000H,03CH,066H,042H,042H,066H,03CH,000H ; D_09 
       00			
 0050  FF C3 99 BD BD 99 C3		DB	0FFH,0C3H,099H,0BDH,0BDH,099H,0C3H,0FFH ; D_0A 
       FF			
 0058  0F 07 0F 7D CC CC CC		DB	00FH,007H,00FH,07DH,0CCH,0CCH,0CCH,078H ; D_0B 
       78			
 0060  3C 66 66 66 3C 18 7E		DB	03CH,066H,066H,066H,03CH,018H,07EH,018H ; D_0C 
       18			
 0068  3F 33 3F 30 30 70 F0		DB	03FH,033H,03FH,030H,030H,070H,0F0H,0E0H ; D_0D 
       E0			
 0070  7F 63 7F 63 63 67 E6		DB	07FH,063H,07FH,063H,063H,067H,0E6H,0C0H ; D_0E 
       C0			
 0078  18 DB 3C E7 E7 3C DB		DB	018H,0DBH,03CH,0E7H,0E7H,03CH,0DBH,018H ; D_0F 
       18			
				 
 0080  80 E0 F8 FE F8 E0 80		DB	080H,0E0H,0F8H,0FEH,0F8H,0E0H,080H,000H ; D_10 
       00			
 0088  02 0E 3E FE 3E 0E 02		DB	002H,00EH,03EH,0FEH,03EH,00EH,002H,000H ; D_11 
       00			
 0090  18 3C 7E 18 18 7E 3C		DB	018H,03CH,07EH,018H,018H,07EH,03CH,018H ; D_12 
       18			
 0098  66 66 66 66 66 00 66		DB	066H,066H,066H,066H,066H,000H,066H,000H ; D_13 
       00			
 00A0  7F DB DB 7B 1B 1B 1B		DB	07FH,0DBH,0DBH,07BH,01BH,01BH,01BH,000H ; D_14 
       00			
 00A8  3E 63 38 6C 6C 38 CC		DB	03EH,063H,038H,06CH,06CH,038H,0CCH,078H ; D_15 
       78			
 00B0  00 00 00 00 7E 7E 7E		DB	000H,000H,000H,000H,07EH,07EH,07EH,000H ; D_16 
       00			
 00B8  18 3C 7E 18 7E 3C 18		DB	018H,03CH,07EH,018H,07EH,03CH,018H,0FFH ; D_17 
       FF			
 00C0  18 3C 7E 18 18 18 18		DB	018H,03CH,07EH,018H,018H,018H,018H,000H ; D_18 
       00			
 00C8  18 18 18 18 7E 3C 18		DB	018H,018H,018H,018H,07EH,03CH,018H,000H ; D_19 
       00			
 00D0  00 18 0C FE 0C 18 00		DB	000H,018H,00CH,0FEH,00CH,018H,000H,000H ; D_1A 
       00			
 00D8  00 30 60 FE 60 30 00		DB	000H,030H,060H,0FEH,060H,030H,000H,000H ; D_1B 
       00			
 00E0  00 00 C0 C0 C0 FE 00		DB	000H,000H,0C0H,0C0H,0C0H,0FEH,000H,000H ; D_1C 
       00			
 00E8  00 24 66 FF 66 24 00		DB	000H,024H,066H,0FFH,066H,024H,000H,000H ; D_1D 
       00			
 00F0  00 18 3C 7E FF FF 00		DB	000H,018H,03CH,07EH,0FFH,0FFH,000H,000H ; D_1E 
       00			
 00F8  00 FF FF 7E 3C 18 00		DB	000H,0FFH,0FFH,07EH,03CH,018H,000H,000H ; D_1F 
       00			
				 
 0100  00 00 00 00 00 00 00		DB	000H,000H,000H,000H,000H,000H,000H,000H ; SP D_20 
       00			
 0108  30 78 78 30 30 00 30		DB	030H,078H,078H,030H,030H,000H,030H,000H ; ! D_21 
       00			
 0110  6C 6C 6C 00 00 00 00		DB	06CH,06CH,06CH,000H,000H,000H,000H,000H ; " D_22 
       00			
 0118  6C 6C FE 6C FE 6C 6C		DB	06CH,06CH,0FEH,06CH,0FEH,06CH,06CH,000H ; # D_23 
       00			
 0120  30 7C C0 78 0C F8 30		DB	030H,07CH,0C0H,078H,00CH,0F8H,030H,000H ; $ D_24 
       00			
 0128  00 C6 CC 18 30 66 C6		DB	000H,0C6H,0CCH,018H,030H,066H,0C6H,000H ; PER CENT D_25 
       00			
 0130  38 6C 38 76 DC CC 76		DB	038H,06CH,038H,076H,0DCH,0CCH,076H,000H ; & D_26 
       00			
 0138  60 60 C0 00 00 00 00		DB	060H,060H,0C0H,000H,000H,000H,000H,000H ; ' D_27 
       00			
 0140  18 30 60 60 60 30 18		DB	018H,030H,060H,060H,060H,030H,018H,000H ; ( D_28 
       00			
 0148  60 30 18 18 18 30 60		DB	060H,030H,018H,018H,018H,030H,060H,000H ; ) D_29 
       00			
 0150  00 66 3C FF 3C 66 00		DB	000H,066H,03CH,0FFH,03CH,066H,000H,000H ; * D_2A 
       00			
 0158  00 30 30 FC 30 30 00		DB	000H,030H,030H,0FCH,030H,030H,000H,000H ; + D_2B 
       00			
 0160  00 00 00 00 00 30 30		DB	000H,000H,000H,000H,000H,030H,030H,060H ; , D_2C 
       60			
 0168  00 00 00 FC 00 00 00		DB	000H,000H,000H,0FCH,000H,000H,000H,000H ; - D_2D 
       00			
 0170  00 00 00 00 00 30 30		DB	000H,000H,000H,000H,000H,030H,030H,000H ; . D_2E 
       00			
 0178  06 0C 18 30 60 C0 80		DB	006H,00CH,018H,030H,060H,0C0H,080H,000H ; / D_2F 
       00			
				 
 0180  7C C6 CE DE F6 E6 7C		DB	07CH,0C6H,0CEH,0DEH,0F6H,0E6H,07CH,000H ; 0 D_30 
       00			
 0188  30 70 30 30 30 30 FC		DB	030H,070H,030H,030H,030H,030H,0FCH,000H ; 1 D_31 
       00			
 0190  78 CC 0C 38 60 CC FC		DB	078H,0CCH,00CH,038H,060H,0CCH,0FCH,000H ; 2 D_32 
       00			
 0198  78 CC 0C 38 0C CC 78		DB	078H,0CCH,00CH,038H,00CH,0CCH,078H,000H ; 3 D_33 
       00			
 01A0  1C 3C 6C CC FE 0C 1E		DB	01CH,03CH,06CH,0CCH,0FEH,00CH,01EH,000H ; 4 D_34 
       00			
 01A8  FC C0 F8 0C 0C CC 78		DB	0FCH,0C0H,0F8H,00CH,00CH,0CCH,078H,000H ; 5 D_35 
       00			
 01B0  38 60 C0 F8 CC CC 78		DB	038H,060H,0C0H,0F8H,0CCH,0CCH,078H,000H ; 6 D_36 
       00			
 01B8  FC CC 0C 18 30 30 30		DB	0FCH,0CCH,00CH,018H,030H,030H,030H,000H ; 7 D_37 
       00			
 01C0  78 CC CC 78 CC CC 78		DB	078H,0CCH,0CCH,078H,0CCH,0CCH,078H,000H ; 8 D_38 
       00			
 01C8  78 CC CC 7C 0C 18 70		DB	078H,0CCH,0CCH,07CH,00CH,018H,070H,000H ; 9 D_39 
       00			
 01D0  00 30 30 00 00 30 30		DB	000H,030H,030H,000H,000H,030H,030H,000H ; : D_3A 
       00			
 01D8  00 30 30 00 00 30 30		DB	000H,030H,030H,000H,000H,030H,030H,060H ; ; D_3B 
       60			
 01E0  18 30 60 C0 60 30 18		DB	018H,030H,060H,0C0H,060H,030H,018H,000H ; < D_3C 
       00			
 01E8  00 00 FC 00 00 FC 00		DB	000H,000H,0FCH,000H,000H,0FCH,000H,000H ; = D_3D 
       00			
 01F0  60 30 18 0C 18 30 60		DB	060H,030H,018H,00CH,018H,030H,060H,000H ; > D_3E 
       00			
 01F8  78 CC 0C 18 30 00 30		DB	078H,0CCH,00CH,018H,030H,000H,030H,000H ; ? D_3F 
       00			
				 
 0200  7C C6 DE DE DE C0 78		DB	07CH,0C6H,0DEH,0DEH,0DEH,0C0H,078H,000H ; @ D_40 
       00			
 0208  30 78 CC CC FC CC CC		DB	030H,078H,0CCH,0CCH,0FCH,0CCH,0CCH,000H ; A D_41 
       00			
 0210  FC 66 66 7C 66 66 FC		DB	0FCH,066H,066H,07CH,066H,066H,0FCH,000H ; B D_42 
       00			
 0218  3C 66 C0 C0 C0 66 3C		DB	03CH,066H,0C0H,0C0H,0C0H,066H,03CH,000H ; C D_43 
       00			
 0220  F8 6C 66 66 66 6C F8		DB	0F8H,06CH,066H,066H,066H,06CH,0F8H,000H ; 0 D_44 
       00			
 0228  FE 62 68 78 68 62 FE		DB	0FEH,062H,068H,078H,068H,062H,0FEH,000H ; E D_45 
       00			
 0230  FE 62 68 78 68 60 F0		DB	0FEH,062H,068H,078H,068H,060H,0F0H,000H ; F D_46 
       00			
 0238  3C 66 C0 C0 CE 66 3E		DB	03CH,066H,0C0H,0C0H,0CEH,066H,03EH,000H ; G D_47 
       00			
 0240  CC CC CC FC CC CC CC		DB	0CCH,0CCH,0CCH,0FCH,0CCH,0CCH,0CCH,000H ; H D_48 
       00			
 0248  78 30 30 30 30 30 78		DB	078H,030H,030H,030H,030H,030H,078H,000H ; I D_49 
       00			
 0250  1E 0C 0C 0C CC CC 78		DB	01EH,00CH,00CH,00CH,0CCH,0CCH,078H,000H ; J D_4A 
       00			
 0258  E6 66 6C 78 6C 66 E6		DB	0E6H,066H,06CH,078H,06CH,066H,0E6H,000H ; K D_4B 
       00			
 0260  F0 60 60 60 62 66 FE		DB	0F0H,060H,060H,060H,062H,066H,0FEH,000H ; L D_4C 
       00			
 0268  C6 EE FE FE D6 C6 C6		DB	0C6H,0EEH,0FEH,0FEH,0D6H,0C6H,0C6H,000H ; M D_4D 
       00			
 0270  C6 E6 F6 DE CE C6 C6		DB	0C6H,0E6H,0F6H,0DEH,0CEH,0C6H,0C6H,000H ; N D_4E 
       00			
 0278  38 6C C6 C6 C6 6C 38		DB	038H,06CH,0C6H,0C6H,0C6H,06CH,038H,000H ; O D_4F 
       00			
				 
 0280  FC 66 66 7C 60 60 F0		DB	0FCH,066H,066H,07CH,060H,060H,0F0H,000H ; P D_50 
       00			
 0288  78 CC CC CC DC 78 1C		DB	078H,0CCH,0CCH,0CCH,0DCH,078H,01CH,000H ; Q D_51 
       00			
 0290  FC 66 66 7C 6C 66 E6		DB	0FCH,066H,066H,07CH,06CH,066H,0E6H,000H ; R D_52 
       00			
 0298  78 CC 60 30 18 CC 78		DB	078H,0CCH,060H,030H,018H,0CCH,078H,000H ; S D_53 
       00			
 02A0  FC B4 30 30 30 30 78		DB	0FCH,0B4H,030H,030H,030H,030H,078H,000H ; T D_54 
       00			
 02A8  CC CC CC CC CC CC FC		DB	0CCH,0CCH,0CCH,0CCH,0CCH,0CCH,0FCH,000H ; U D 55 
       00			
 02B0  CC CC CC CC CC 78 30		DB	0CCH,0CCH,0CCH,0CCH,0CCH,078H,030H,000H ; V D_56 
       00			
 02B8  C6 C6 C6 D6 FE EE C6		DB	0C6H,0C6H,0C6H,0D6H,0FEH,0EEH,0C6H,000H ; W D_57 
       00			
 02C0  C6 C6 6C 38 38 6C C6		DB	0C6H,0C6H,06CH,038H,038H,06CH,0C6H,000H ; X D_58 
       00			
 02C8  CC CC CC 78 30 30 78		DB	0CCH,0CCH,0CCH,078H,030H,030H,078H,000H ; Y D_59 
       00			
 02D0  FE C6 8C 18 32 66 FE		DB	0FEH,0C6H,08CH,018H,032H,066H,0FEH,000H ; Z D_5A 
       00			
 02D8  78 60 60 60 60 60 78		DB	078H,060H,060H,060H,060H,060H,078H,000H ; [ D_5B 
       00			
 02E0  C0 60 30 18 0C 06 02		DB	0C0H,060H,030H,018H,00CH,006H,002H,000H ; BACKSLASH D_5C 
       00			
 02E8  78 18 18 18 18 18 78		DB	078H,018H,018H,018H,018H,018H,078H,000H ; ] D_5D 
       00			
 02F0  10 38 6C C6 00 00 00		DB	010H,038H,06CH,0C6H,000H,000H,000H,000H ; CIRCUMFLEX D_5E 
       00			
 02F8  00 00 00 00 00 00 00		DB	000H,000H,000H,000H,000H,000H,000H,0FFH ; _ D_5F 
       FF			
				 
 0300  30 30 18 00 00 00 00		DB	030H,030H,018H,000H,000H,000H,000H,000H ; ' D_60 
       00			
 0308  00 00 78 0C 7C CC 76		DB	000H,000H,078H,00CH,07CH,0CCH,076H,000H ; LOWER CASE A D_61 
       00			
 0310  E0 60 60 7C 66 66 DC		DB	0E0H,060H,060H,07CH,066H,066H,0DCH,000H ; L.C. B D_62 
       00			
 0318  00 00 78 CC C0 CC 78		DB	000H,000H,078H,0CCH,0C0H,0CCH,078H,000H ; L.C. C D_63 
       00			
 0320  1C 0C 0C 7C CC CC 76		DB	01CH,00CH,00CH,07CH,0CCH,0CCH,076H,000H ; L.C. D D_64 
       00			
 0328  00 00 78 CC FC C0 78		DB	000H,000H,078H,0CCH,0FCH,0C0H,078H,000H ; L.C. E D_65 
       00			
 0330  38 6C 60 F0 60 60 F0		DB	038H,06CH,060H,0F0H,060H,060H,0F0H,000H ; L.C. F D_66 
       00			
 0338  00 00 76 CC CC 7C 0C		DB	000H,000H,076H,0CCH,0CCH,07CH,00CH,0F8H ; L.C. G D_67 
       F8			
 0340  E0 60 6C 76 66 66 E6		DB	0E0H,060H,06CH,076H,066H,066H,0E6H,000H ; L.C. H D_68 
       00			
 0348  30 00 70 30 30 30 78		DB	030H,000H,070H,030H,030H,030H,078H,000H ; L.C. I D_69 
       00			
 0350  0C 00 0C 0C 0C CC CC		DB	00CH,000H,00CH,00CH,00CH,0CCH,0CCH,078H ; L.C. J D_6A 
       78			
 0358  E0 60 66 6C 78 6C E6		DB	0E0H,060H,066H,06CH,078H,06CH,0E6H,000H ; L.C. K D_6B 
       00			
 0360  70 30 30 30 30 30 78		DB	070H,030H,030H,030H,030H,030H,078H,000H ; L.C. L D_6C 
       00			
 0368  00 00 CC FE FE D6 C6		DB	000H,000H,0CCH,0FEH,0FEH,0D6H,0C6H,000H ; L.C. M D_6D 
       00			
 0370  00 00 F8 CC CC CC CC		DB	000H,000H,0F8H,0CCH,0CCH,0CCH,0CCH,000H ; L.C. N D_6E 
       00			
 0378  00 00 78 CC CC CC 78		DB	000H,000H,078H,0CCH,0CCH,0CCH,078H,000H ; L.C. 0 D_6F 
       00			
				 
 0380  00 00 DC 66 66 7C 60		DB	000H,000H,0DCH,066H,066H,07CH,060H,0F0H ; L.C. P D_70 
       F0			
 0388  00 00 76 CC CC 7C 0C		DB	000H,000H,076H,0CCH,0CCH,07CH,00CH,01EH ; L.C. Q D_71 
       1E			
 0390  00 00 DC 76 66 60 F0		DB	000H,000H,0DCH,076H,066H,060H,0F0H,000H ; L.C. R D_72 
       00			
 0398  00 00 7C C0 78 0C F8		DB	000H,000H,07CH,0C0H,078H,00CH,0F8H,000H ; L.C. S D_73 
       00			
 03A0  10 30 7C 30 30 34 18		DB	010H,030H,07CH,030H,030H,034H,018H,000H ; L.C. T D_74 
       00			
 03A8  00 00 CC CC CC CC 76		DB	000H,000H,0CCH,0CCH,0CCH,0CCH,076H,000H ; L.C. U D_75 
       00			
 03B0  00 00 CC CC CC 78 30		DB	000H,000H,0CCH,0CCH,0CCH,078H,030H,000H ; L.C. V D_76 
       00			
 03B8  00 00 C6 D6 FE FE 6C		DB	000H,000H,0C6H,0D6H,0FEH,0FEH,06CH,000H ; L.C. W D_77 
       00			
 03C0  00 00 C6 6C 38 6C C6		DB	000H,000H,0C6H,06CH,038H,06CH,0C6H,000H ; L.C. X D_78 
       00			
 03C8  00 00 CC CC CC 7C 0C		DB	000H,000H,0CCH,0CCH,0CCH,07CH,00CH,0F8H ; L.C. Y D_79 
       F8			
 03D0  00 00 FC 98 30 64 FC		DB	000H,000H,0FCH,098H,030H,064H,0FCH,000H ; L.C. Z D_7A 
       00			
 03D8  1C 30 30 E0 30 30 1C		DB	01CH,030H,030H,0E0H,030H,030H,01CH,000H ; L BRAK D_78 
       00			
 03E0  18 18 18 00 18 18 18		DB	018H,018H,018H,000H,018H,018H,018H,000H ; | D_7C 
       00			
 03E8  E0 30 30 1C 30 30 E0		DB	0E0H,030H,030H,01CH,030H,030H,0E0H,000H ; R BRAK D_7D 
       00			
 03F0  76 DC 00 00 00 00 00		DB	076H,0DCH,000H,000H,000H,000H,000H,000H ; TILDE D_7E 
       00			
 03F8  00 10 38 6C C6 C6 FE		DB	000H,010H,038H,06CH,0C6H,0C6H,0FEH,000H ; DELTA D_7F 
       00			
				 
 0400				INT_1F_1	LABEL	BYTE 
 0400  18 18 FF 00 FF 00 00		DB	018H,018H,0FFH,000H,0FFH,000H,000H,000H ;  D_80 
       00			
 0408  36 36 36 36 FF 00 00		DB	036H,036H,036H,036H,0FFH,000H,000H,000H ;  D_81 
       00			
 0410  00 00 FF 00 FF 18 18		DB	000H,000H,0FFH,000H,0FFH,018H,018H,018H ;  D_82 
       18			
 0418  18 18 F8 18 F8 18 18		DB	018H,018H,0F8H,018H,0F8H,018H,018H,018H ;  D_83 
       18			
 0420  36 36 36 36 F6 36 36		DB	036H,036H,036H,036H,0F6H,036H,036H,036H ;  D_84 
       36			
 0428  00 00 00 00 FE 36 36		DB	000H,000H,000H,000H,0FEH,036H,036H,036H ;  D_85 
       36			
 0430  00 00 F8 18 F8 18 18		DB	000H,000H,0F8H,018H,0F8H,018H,018H,018H ;  D_86 
       18			
 0438  00 00 00 00 FF 36 36		DB	000H,000H,000H,000H,0FFH,036H,036H,036H ;  D_87 
       36			
 0440  36 36 36 36 3F 00 00		DB	036H,036H,036H,036H,03FH,000H,000H,000H ;  D_88 
       00			
 0448  18 18 1F 18 1F 00 00		DB	018H,018H,01FH,018H,01FH,000H,000H,000H ;  D_89 
       00			
 0450  00 00 1F 18 1F 18 18		DB	000H,000H,01FH,018H,01FH,018H,018H,018H ;  D_8A 
       18			
 0458  36 36 36 36 FE 00 00		DB	036H,036H,036H,036H,0FEH,000H,000H,000H ;  D_8B 
       00			
 0460  18 18 F8 18 F8 00 00		DB	018H,018H,0F8H,018H,0F8H,000H,000H,000H ;  D_8C 
       00			
 0468  18 18 1F 18 1F 18 18		DB	018H,018H,01FH,018H,01FH,018H,018H,018H ;  D_8D 
       18			
 0470  36 36 36 36 37 36 36		DB	036H,036H,036H,036H,037H,036H,036H,036H ;  D_8E 
       36			
 0478  00 00 00 00 3F 36 36		DB	000H,000H,000H,000H,03FH,036H,036H,036H ;  D_8F 
       36			
				 
 0480  00 00 3F 30 37 36 36		DB	000H,000H,03FH,030H,037H,036H,036H,036H ;  D_90 
       36			
 0488  00 00 FE 06 F6 36 36		DB	000H,000H,0FEH,006H,0F6H,036H,036H,036H ;  D_91 
       36			
 0490  36 36 F6 06 FE 00 00		DB	036H,036H,0F6H,006H,0FEH,000H,000H,000H ;  D_92 
       00			
 0498  36 36 37 30 3F 00 00		DB	036H,036H,037H,030H,03FH,000H,000H,000H ;  D_93 
       00			
 04A0  00 00 FF 00 FF 00 00		DB	000H,000H,0FFH,000H,0FFH,000H,000H,000H ;  D_94 
       00			
 04A8  36 36 36 36 36 36 36		DB	036H,036H,036H,036H,036H,036H,036H,036H ;  D_95 
       36			
 04B0  00 00 FF 00 F7 36 36		DB	000H,000H,0FFH,000H,0F7H,036H,036H,036H ;  D_96 
       36			
 04B8  36 36 F6 06 F6 36 36		DB	036H,036H,0F6H,006H,0F6H,036H,036H,036H ;  D_97 
       36			
 04C0  36 36 F7 00 FF 00 00		DB	036H,036H,0F7H,000H,0FFH,000H,000H,000H ;  D_98 
       00			
 04C8  36 36 37 30 37 36 36		DB	036H,036H,037H,030H,037H,036H,036H,036H ;  D_99 
       36			
 04D0  36 36 F7 00 F7 36 36		DB	036H,036H,0F7H,000H,0F7H,036H,036H,036H ;  D_9A 
       36			
 04D8  22 88 22 88 22 88 22		DB	022H,088H,022H,088H,022H,088H,022H,088H ;  D_9B 
       88			
 04E0  55 AA 55 AA 55 AA 55		DB	055H,0AAH,055H,0AAH,055H,0AAH,055H,0AAH ;  D_9C 
       AA			
 04E8  DB 77 DB EE DB 77 DB		DB	0DBH,077H,0DBH,0EEH,0DBH,077H,0DBH,0EEH ;  D_9D 
       EE			
 04F0  36 36 36 36 FF 36 36		DB	036H,036H,036H,036H,0FFH,036H,036H,036H ;  D_9E 
       36			
 04F8  18 18 FF 18 FF 18 18		DB	018H,018H,0FFH,018H,0FFH,018H,018H,018H ;  D_9F 
       18			
				 
 0500  00 00 00 00 1F 18 18		DB	000H,000H,000H,000H,01FH,018H,018H,018H ;  D_A0 
       18			
 0508  00 00 00 00 F8 18 18		DB	000H,000H,000H,000H,0F8H,018H,018H,018H ;  D_A1 
       18			
 0510  18 18 18 18 F8 00 00		DB	018H,018H,018H,018H,0F8H,000H,000H,000H ;  D_A2 
       00			
 0518  18 18 18 18 1F 00 00		DB	018H,018H,018H,018H,01FH,000H,000H,000H ;  D_A3 
       00			
 0520  00 00 00 00 FF 00 00		DB	000H,000H,000H,000H,0FFH,000H,000H,000H ;  D_A4 
       00			
 0528  18 18 18 18 18 18 18		DB	018H,018H,018H,018H,018H,018H,018H,018H ;  D_A5 
       18			
 0530  00 00 00 00 FF 18 18		DB	000H,000H,000H,000H,0FFH,018H,018H,018H ;  D_A6 
       18			
 0538  18 18 18 18 F8 18 18		DB	018H,018H,018H,018H,0F8H,018H,018H,018H ;  D_A7 
       18			
 0540  18 18 18 18 FF 00 00		DB	018H,018H,018H,018H,0FFH,000H,000H,000H ;  D_A8 
       00			
 0548  18 18 18 18 1F 18 18		DB	018H,018H,018H,018H,01FH,018H,018H,018H ;  D_A9 
       18			
 0550  18 18 18 18 FF 18 18		DB	018H,018H,018H,018H,0FFH,018H,018H,018H ;  D_AA 
       18			
 0558  FF FF FF FF FF FF FF		DB	0FFH,0FFH,0FFH,0FFH,0FFH,0FFH,0FFH,0FFH ;  D_AB 
       FF			
 0560  00 00 00 00 FF FF FF		DB	000H,000H,000H,000H,0FFH,0FFH,0FFH,0FFH ;  D_AC 
       FF			
 0568  F0 F0 F0 F0 F0 F0 F0		DB	0F0H,0F0H,0F0H,0F0H,0F0H,0F0H,0F0H,0F0H ;  D_AD 
       F0			
 0570  0F 0F 0F 0F 0F 0F 0F		DB	00FH,00FH,00FH,00FH,00FH,00FH,00FH,00FH ;  D_AE 
       0F			
 0578  FF FF FF FF 00 00 00		DB	0FFH,0FFH,0FFH,0FFH,000H,000H,000H,000H ;  D_AF 
       00			
				 
 0580  18 3C 66 66 7E 66 66		DB	018H,03CH,066H,066H,07EH,066H,066H,000H ;  D_B0 
       00			
 0588  FE 66 60 7C 66 66 FC		DB	0FEH,066H,060H,07CH,066H,066H,0FCH,000H ;  D_B1 
       00			
 0590  FC 66 66 7C 66 66 FC		DB	0FCH,066H,066H,07CH,066H,066H,0FCH,000H ;  D_B2 
       00			
 0598  FE 62 60 60 60 60 F0		DB	0FEH,062H,060H,060H,060H,060H,0F0H,000H ;  D_B3 
       00			
 05A0  1C 2C 6C 6C 6C 6C FE		DB	01CH,02CH,06CH,06CH,06CH,06CH,0FEH,082H ;  D_B4 
       82			
 05A8  FE 62 68 78 68 62 FE		DB	0FEH,062H,068H,078H,068H,062H,0FEH,000H ;  D_B5 
       00			
 05B0  D6 D6 54 38 54 D6 D6		DB	0D6H,0D6H,054H,038H,054H,0D6H,0D6H,000H ;  D_B6 
       00			
 05B8  7C C6 06 1C 06 C6 7C		DB	07CH,0C6H,006H,01CH,006H,0C6H,07CH,000H ;  D_B7 
       00			
 05C0  C6 CE DE F6 E6 C6 C6		DB	0C6H,0CEH,0DEH,0F6H,0E6H,0C6H,0C6H,000H ;  D_B8 
       00			
 05C8  D6 C6 CE DE F6 E6 C6		DB	0D6H,0C6H,0CEH,0DEH,0F6H,0E6H,0C6H,000H ;  D_B9 
       00			
 05D0  E6 66 6C 78 6C 66 E6		DB	0E6H,066H,06CH,078H,06CH,066H,0E6H,000H ;  D_BA 
       00			
 05D8  1E 3E 66 66 66 66 C6		DB	01EH,03EH,066H,066H,066H,066H,0C6H,000H ;  D_BB 
       00			
 05E0  C6 EE FE FE D6 C6 C6		DB	0C6H,0EEH,0FEH,0FEH,0D6H,0C6H,0C6H,000H ;  D_BC 
       00			
 05E8  CC CC CC FC CC CC CC		DB	0CCH,0CCH,0CCH,0FCH,0CCH,0CCH,0CCH,000H ;  D_BD 
       00			
 05F0  38 6C C6 C6 C6 6C 38		DB	038H,06CH,0C6H,0C6H,0C6H,06CH,038H,000H ;  D_BE 
       00			
 05F8  FC CC CC CC CC CC CC		DB	0FCH,0CCH,0CCH,0CCH,0CCH,0CCH,0CCH,000H ;  D_BF 
       00			
				 
 0600  FC 66 66 7C 60 60 F0		DB	0FCH,066H,066H,07CH,060H,060H,0F0H,000H ;  D_C0 
       00			
 0608  3C 66 C0 C0 C0 66 3C		DB	03CH,066H,0C0H,0C0H,0C0H,066H,03CH,000H ;  D C1 
       00			
 0610  7E 5A 18 18 18 18 3C		DB	07EH,05AH,018H,018H,018H,018H,03CH,000H ;  D_C2 
       00			
 0618  C6 C6 C6 C6 7E 06 7C		DB	0C6H,0C6H,0C6H,0C6H,07EH,006H,07CH,000H ;  D_C3 
       00			
 0620  7C D6 D6 D6 D6 7C 10		DB	07CH,0D6H,0D6H,0D6H,0D6H,07CH,010H,000H ;  D_C4 
       00			
 0628  C6 C6 6C 38 6C C6 C6		DB	0C6H,0C6H,06CH,038H,06CH,0C6H,0C6H,000H ;  D_C5 
       00			
 0630  CC CC CC CC CC CC FE		DB	0CCH,0CCH,0CCH,0CCH,0CCH,0CCH,0FEH,002H ;  D_C6 
       02			
 0638  C6 C6 C6 7E 06 06 06		DB	0C6H,0C6H,0C6H,07EH,006H,006H,006H,000H ;  D_C7 
       00			
 0640  D6 D6 D6 D6 D6 D6 FE		DB	0D6H,0D6H,0D6H,0D6H,0D6H,0D6H,0FEH,000H ;  D_CB 
       00			
 0648  D6 D6 D6 D6 D6 D6 FE		DB	0D6H,0D6H,0D6H,0D6H,0D6H,0D6H,0FEH,001H ;  D_C9 
       01			
 0650  E0 60 7C 66 66 66 FC		DB	0E0H,060H,07CH,066H,066H,066H,0FCH,000H ;  D_CA 
       00			
 0658  C6 C6 F6 CE CE CE F6		DB	0C6H,0C6H,0F6H,0CEH,0CEH,0CEH,0F6H,000H ;  D_CB 
       00			
 0660  60 60 7C 66 66 66 7C		DB	060H,060H,07CH,066H,066H,066H,07CH,000H ;  D_CC 
       00			
 0668  7C C6 06 3E 06 C6 7C		DB	07CH,0C6H,006H,03EH,006H,0C6H,07CH,000H ;  D_CD 
       00			
 0670  CC DE D2 F2 D2 DE CC		DB	0CCH,0DEH,0D2H,0F2H,0D2H,0DEH,0CCH,000H ;  D_CE 
       00			
 0678  3E 66 66 3E 36 66 E6		DB	03EH,066H,066H,03EH,036H,066H,0E6H,000H ;  D_CF 
       00			
				 
 0680  00 00 78 0C 7C CC 76		DB	000H,000H,078H,00CH,07CH,0CCH,076H,000H ;  D_D0 
       00			
 0688  06 7C C0 BC C6 C6 7C		DB	006H,07CH,0C0H,0BCH,0C6H,0C6H,07CH,000H ;  D_D1 
       00			
 0690  00 00 FC 66 7C 66 FC		DB	000H,000H,0FCH,066H,07CH,066H,0FCH,000H ;  D_D2 
       00			
 0698  00 00 FE 66 60 60 F0		DB	000H,000H,0FEH,066H,060H,060H,0F0H,000H ;  D_D3 
       00			
 06A0  00 00 1C 2C 6C 6C FE		DB	000H,000H,01CH,02CH,06CH,06CH,0FEH,082H ;  D_D4 
       82			
 06A8  00 00 78 CC FC C0 78		DB	000H,000H,078H,0CCH,0FCH,0C0H,078H,000H ;  D_D5 
       00			
 06B0  00 00 D6 7C 38 54 D6		DB	000H,000H,0D6H,07CH,038H,054H,0D6H,000H ;  D_D6 
       00			
 06B8  00 00 78 CC 18 CC 78		DB	000H,000H,078H,0CCH,018H,0CCH,078H,000H ;  D_D7 
       00			
 06C0  00 00 CC CC DC EC CC		DB	000H,000H,0CCH,0CCH,0DCH,0ECH,0CCH,000H ;  D_D8 
       00			
 06C8  30 00 CC CC DC EC CC		DB	030H,000H,0CCH,0CCH,0DCH,0ECH,0CCH,000H ;  D_D9 
       00			
 06D0  00 00 E6 6C 78 6C E6		DB	000H,000H,0E6H,06CH,078H,06CH,0E6H,000H ;  D_DA 
       00			
 06D8  00 00 1E 66 66 66 C6		DB	000H,000H,01EH,066H,066H,066H,0C6H,000H ;  D_DB 
       00			
 06E0  00 00 C6 FE FE D6 C6		DB	000H,000H,0C6H,0FEH,0FEH,0D6H,0C6H,000H ;  D_DC 
       00			
 06E8  00 00 CC CC FC CC CC		DB	000H,000H,0CCH,0CCH,0FCH,0CCH,0CCH,000H ;  D_DD 
       00			
 06F0  00 00 78 CC CC CC 78		DB	000H,000H,078H,0CCH,0CCH,0CCH,078H,000H ;  D_DE 
       00			
 06F8  00 00 FC CC CC CC CC		DB	000H,000H,0FCH,0CCH,0CCH,0CCH,0CCH,000H ;  D_DF 
       00			
				 
 0700  00 00 DC 66 66 7C 60		DB	000H,000H,0DCH,066H,066H,07CH,060H,0F0H ;  D_E0 
       F0			
 0708  00 00 78 CC C0 CC 78		DB	000H,000H,078H,0CCH,0C0H,0CCH,078H,000H ;  D_E1 
       00			
 0710  00 00 7E 5A 18 18 3C		DB	000H,000H,07EH,05AH,018H,018H,03CH,000H ;  D_E2 
       00			
 0718  00 00 CC CC CC 7C 0C		DB	000H,000H,0CCH,0CCH,0CCH,07CH,00CH,0F8H ;  D_E3 
       F8			
 0720  00 10 7C D6 D6 D6 7C		DB	000H,010H,07CH,0D6H,0D6H,0D6H,07CH,010H ;  D_E4 
       10			
 0728  00 00 C6 6C 38 6C C6		DB	000H,000H,0C6H,06CH,038H,06CH,0C6H,000H ;  D_E5 
       00			
 0730  00 00 CC CC CC CC FE		DB	000H,000H,0CCH,0CCH,0CCH,0CCH,0FEH,002H ;  D_E6 
       02			
 0738  00 00 CC CC 7C 0C 0C		DB	000H,000H,0CCH,0CCH,07CH,00CH,00CH,000H ;  D_E7 
       00			
 0740  00 00 D6 D6 D6 D6 FE		DB	000H,000H,0D6H,0D6H,0D6H,0D6H,0FEH,000H ;  D_E8 
       00			
 0748  00 00 D6 D6 D6 D6 FE		DB	000H,000H,0D6H,0D6H,0D6H,0D6H,0FEH,001H ;  D_E9 
       01			
 0750  00 00 E0 78 6C 6C F8		DB	000H,000H,0E0H,078H,06CH,06CH,0F8H,000H ;  D_EA 
       00			
 0758  00 00 C6 F6 CE CE F6		DB	000H,000H,0C6H,0F6H,0CEH,0CEH,0F6H,000H ;  D_EB 
       00			
 0760  00 00 60 78 6C 6C 78		DB	000H,000H,060H,078H,06CH,06CH,078H,000H ;  D_EC 
       00			
 0768  00 00 7C C6 1E C6 7C		DB	000H,000H,07CH,0C6H,01EH,0C6H,07CH,000H ;  D_ED 
       00			
 0770  00 00 CC DE F2 DE CC		DB	000H,000H,0CCH,0DEH,0F2H,0DEH,0CCH,000H ;  D_EE 
       00			
 0778  00 00 7E CC 7C 2C CE		DB	000H,000H,07EH,0CCH,07CH,02CH,0CEH,000H ;  D_EF 
       00			
				 
 0780  C6 FE 62 78 60 62 FE		DB	0C6H,0FEH,062H,078H,060H,062H,0FEH,000H ;  D_F0 
       00			
 0788  D8 00 78 CC FC C0 78		DB	0D8H,000H,078H,0CCH,0FCH,0C0H,078H,000H ;  D_F1 
       00			
 0790  00 00 00 00 03 06 0C		DB	000H,000H,000H,000H,003H,006H,00CH,018H ;  D_F2 
       18			
 0798  00 00 00 00 C0 60 30		DB	000H,000H,000H,000H,0C0H,060H,030H,018H ;  D_F3 
       18			
 07A0  18 30 60 C0 80 00 00		DB	018H,030H,060H,0C0H,080H,000H,000H,000H ;  D_F4 
       00			
 07A8  18 0C 06 03 01 00 00		DB	018H,00CH,006H,003H,001H,000H,000H,000H ;  D_F5 
       00			
 07B0  00 18 0C FE 0C 18 00		DB	000H,018H,00CH,0FEH,00CH,018H,000H,000H ;  D_F6 
       00			
 07B8  00 30 60 FE 60 30 00		DB	000H,030H,060H,0FEH,060H,030H,000H,000H ;  D_F7 
       00			
 07C0  18 3C 7E 18 18 18 18		DB	018H,03CH,07EH,018H,018H,018H,018H,000H ;  D_FB 
       00			
 07C8  18 18 18 18 7E 3C 18		DB	018H,018H,018H,018H,07EH,03CH,018H,000H ;  D_F9 
       00			
 07D0  30 30 00 FC 00 30 30		DB	030H,030H,000H,0FCH,000H,030H,030H,000H ;  D_FA 
       00			
 07D8  30 30 FC 30 30 00 FC		DB	030H,030H,0FCH,030H,030H,000H,0FCH,000H ;  D_FB 
       00			
 07E0  88 8F CD AF 98 8F 88		DB	088H,08FH,0CDH,0AFH,098H,08FH,088H,000H ;  D_FC 
       00			
 07E8  00 81 5A 66 C3 66 5A		DB	000H,081H,05AH,066H,0C3H,066H,05AH,081H ;  D_FD 
       81			
 07F0  00 00 3C 3C 3C 3C 00		DB	000H,000H,03CH,03CH,03CH,03CH,000H,000H ;  D_FE 
       00			
 07F8  00 00 00 00 00 00 00		DB	000H,000H,000H,000H,000H,000H,000H,000H ;  D_FF 
       00			
				 
 0800				CODE	ENDS 
					END 
Segments and Groups:

                N a m e         	Length	 Align	Combine Class

CODE . . . . . . . . . . . . . .  	0800	PARA	PUBLIC	

Symbols:            

                N a m e         	Type	 Value	 Attr

CGDDOT . . . . . . . . . . . . .  	L BYTE	0000	CODE	Global

INT_1F_1 . . . . . . . . . . . .  	L BYTE	0400	CODE	Global

@FILENAME  . . . . . . . . . . .  	TEXT  VCGDDOT		


    281 Source  Lines
    281 Total   Lines
      5 Symbols

  49674 + 399094 Bytes symbol space free

      0 Warning Errors
      0 Severe  Errors
