					PAGE,120 
					SUBTTL	MONOCHROME CHARACTER GENERATOR (ES-1842 SLIM LINE 8X14) 
 0000				CODE	SEGMENT PUBLIC 
					PUBLIC	CGMN 
 0000				CGMN	LABEL	BYTE 
											; BW 8*14 PATTTERN 
 0000  00 00 00 00 00 00 00		DB	000H,000H,000H,000H,000H,000H,000H,000H ; TOP_HALF_00 
       00			
 0008  00 00 00 00 00 00		DB	000H,000H,000H,000H,000H,000H		; BOTTOM_HALF 00 
 000E  00 38 44 AA 82 AA 92		DB	000H,038H,044H,0AAH,082H,0AAH,092H,044H ; TH_01 
       44			
 0016  38 00 00 00 00 00		DB	038H,000H,000H,000H,000H,000H		; BT_01 
 001C  00 38 7C 92 FE 92 82		DB	000H,038H,07CH,092H,0FEH,092H,082H,07CH ; TH_02 
       7C			
 0024  38 00 00 00 00 00		DB	038H,000H,000H,000H,000H,000H		; BT_02 
 002A  00 00 00 6C 92 82 44		DB	000H,000H,000H,06CH,092H,082H,044H,028H ; TH_03 
       28			
 0032  10 00 00 00 00 00		DB	010H,000H,000H,000H,000H,000H		; BT_03 
 0038  00 00 10 28 44 82 44		DB	000H,000H,010H,028H,044H,082H,044H,028H ; TH_04 
       28			
 0040  10 00 00 00 00 00		DB	010H,000H,000H,000H,000H,000H		; BT_04 
 0046  00 10 28 10 44 AA 44		DB	000H,010H,028H,010H,044H,0AAH,044H,010H ; TH_05 
       10			
 004E  10 38 00 00 00 00		DB	010H,038H,000H,000H,000H,000H		; BT_05 
 0054  00 10 28 44 82 92 6C		DB	000H,010H,028H,044H,082H,092H,06CH,010H ; TH_06 
       10			
 005C  38 7C 00 00 00 00		DB	038H,07CH,000H,000H,000H,000H		; BT_06 
 0062  00 00 00 00 00 38 38		DB	000H,000H,000H,000H,000H,038H,038H,000H ; TH_07 
       00			
 006A  00 00 00 00 00 00		DB	000H,000H,000H,000H,000H,000H		; BT_07 
 0070  00 FE FE FE FE E6 E6		DB	000H,0FEH,0FEH,0FEH,0FEH,0E6H,0E6H,0FEH ; TH_08 
       FE			
 0078  FE FE 00 00 00 00		DB	0FEH,0FEH,000H,000H,000H,000H		; BT_08 
 007E  00 00 00 38 44 44 44		DB	000H,000H,000H,038H,044H,044H,044H,038H ; TH_09 
       38			
 0086  00 00 00 00 00 00		DB	000H,000H,000H,000H,000H,000H		; BT_09 
 008C  00 FE FE C6 BA BA BA		DB	000H,0FEH,0FEH,0C6H,0BAH,0BAH,0BAH,0C6H ; TH_0A 
       C6			
 0094  FE FE 00 00 00 00		DB	0FEH,0FEH,000H,000H,000H,000H		; BT_0A 
 009A  00 00 0E 06 0A 38 48		DB	000H,000H,00EH,006H,00AH,038H,048H,048H ; TH_0B 
       48			
 00A2  38 00 00 00 00 00		DB	038H,000H,000H,000H,000H,000H		; BT_0B 
 00A8  00 38 44 44 44 38 10		DB	000H,038H,044H,044H,044H,038H,010H,010H ; TH_0C 
       10			
 00B0  38 10 00 00 00 00		DB	038H,010H,000H,000H,000H,000H		; BT_0C 
 00B6  00 18 1C 14 14 10 70		DB	000H,018H,01CH,014H,014H,010H,070H,070H ; TH_0D 
       70			
 00BE  00 00 00 00 00 00		DB	000H,000H,000H,000H,000H,000H		; BT_0D 
 00C4  00 3E 22 3E 22 2E 2E		DB	000H,03EH,022H,03EH,022H,02EH,02EH,0EEH ; TH_0E 
       EE			
 00CC  E0 E0 00 00 00 00		DB	0E0H,0E0H,000H,000H,000H,000H		; BT_0E 
 00D2  00 00 92 7C 44 C6 44		DB	000H,000H,092H,07CH,044H,0C6H,044H,07CH ; TH_0F 
       7C			
 00DA  92 00 00 00 00 00		DB	092H,000H,000H,000H,000H,000H		; BT_0F 
				 
 00E0  00 00 00 00 40 78 7E		DB	000H,000H,000H,000H,040H,078H,07EH,078H ; TH_10 
       78			
 00E8  40 00 00 00 00 00		DB	040H,000H,000H,000H,000H,000H		; BT_10 
 00EE  00 00 00 00 02 1E 7E		DB	000H,000H,000H,000H,002H,01EH,07EH,01EH ; TH_11 
       1E			
 00F6  02 00 00 00 00 00		DB	002H,000H,000H,000H,000H,000H		; BT_11 
 00FC  00 10 38 54 10 10 10		DB	000H,010H,038H,054H,010H,010H,010H,054H ; TH_12 
       54			
 0104  38 10 00 00 00 00		DB	038H,010H,000H,000H,000H,000H		; BT_12 
 010A  00 66 66 66 66 66 66		DB	000H,066H,066H,066H,066H,066H,066H,000H ; TH_13 
       00			
 0112  66 66 00 00 00 00		DB	066H,066H,000H,000H,000H,000H		; BT_13 
 0118  00 00 7E A4 A4 64 24		DB	000H,000H,07EH,0A4H,0A4H,064H,024H,024H ; TH_14 
       24			
 0120  24 24 00 00 00 00		DB	024H,024H,000H,000H,000H,000H		; BT_14 
 0126  00 00 78 40 3C 52 4A		DB	000H,000H,078H,040H,03CH,052H,04AH,03CH ; TH_15 
       3C			
 012E  02 3C 00 00 00 00		DB	002H,03CH,000H,000H,000H,000H		; BT_15 
 0134  00 00 00 00 00 FE FE		DB	000H,000H,000H,000H,000H,0FEH,0FEH,000H ; TH_16 
       00			
 013C  00 00 00 00 00 00		DB	000H,000H,000H,000H,000H,000H		; BT_16 
 0142  00 10 38 54 10 10 54		DB	000H,010H,038H,054H,010H,010H,054H,038H ; TH_17 
       38			
 014A  10 7C 00 00 00 00		DB	010H,07CH,000H,000H,000H,000H		; BT_17 
 0150  00 10 38 54 10 10 10		DB	000H,010H,038H,054H,010H,010H,010H,010H ; TH_18 
       10			
 0158  10 00 00 00 00 00		DB	010H,000H,000H,000H,000H,000H		; BT_18 
 015E  00 10 10 10 10 10 54		DB	000H,010H,010H,010H,010H,010H,054H,038H ; TH_19 
       38			
 0166  10 00 00 00 00 00		DB	010H,000H,000H,000H,000H,000H		; BT_19 
 016C  00 00 00 08 04 FE 04		DB	000H,000H,000H,008H,004H,0FEH,004H,008H ; TH_1A 
       08			
 0174  00 00 00 00 00 00		DB	000H,000H,000H,000H,000H,000H		; BT_1A 
 017A  00 00 00 20 40 FE 40		DB	000H,000H,000H,020H,040H,0FEH,040H,020H ; TH_1B 
       20			
 0182  00 00 00 00 00 00		DB	000H,000H,000H,000H,000H,000H		; BT_1B 
 0188  00 00 00 40 40 7E 00		DB	000H,000H,000H,040H,040H,07EH,000H,000H ; TH_1C 
       00			
 0190  00 00 00 00 00 00		DB	000H,000H,000H,000H,000H,000H		; BT_1C 
 0196  00 00 00 00 44 FE 44		DB	000H,000H,000H,000H,044H,0FEH,044H,000H ; TH_1D 
       00			
 019E  00 00 00 00 00 00		DB	000H,000H,000H,000H,000H,000H		; BT_1D 
 01A4  00 00 00 10 38 7C FE		DB	000H,000H,000H,010H,038H,07CH,0FEH,000H ; TH_1E 
       00			
 01AC  00 00 00 00 00 00		DB	000H,000H,000H,000H,000H,000H		; BT_1E 
 01B2  00 00 00 00 00 FE 7C		DB	000H,000H,000H,000H,000H,0FEH,07CH,038H ; TH_1F 
       38			
 01BA  10 00 00 00 00 00		DB	010H,000H,000H,000H,000H,000H		; BT_1F 
				 
 01C0  00 00 00 00 00 00 00		DB	000H,000H,000H,000H,000H,000H,000H,000H ; TH_20 SP 
       00			
 01C8  00 00 00 00 00 00		DB	000H,000H,000H,000H,000H,000H		; BT_20 SP 
 01CE  00 10 10 10 10 10 10		DB	000H,010H,010H,010H,010H,010H,010H,000H ; TH_21 ! 
       00			
 01D6  00 10 00 00 00 00		DB	000H,010H,000H,000H,000H,000H		; BT_21 ! 
 01DC  00 24 24 24 00 00 00		DB	000H,024H,024H,024H,000H,000H,000H,000H ; TH_22 " 
       00			
 01E4  00 00 00 00 00 00		DB	000H,000H,000H,000H,000H,000H		; BT_22 " 
 01EA  00 00 44 44 FE 44 FE		DB	000H,000H,044H,044H,0FEH,044H,0FEH,044H ; TH_23 # 
       44			
 01F2  44 00 00 00 00 00		DB	044H,000H,000H,000H,000H,000H		; BT_23 # 
 01F8  00 10 7C 90 90 7C 12		DB	000H,010H,07CH,090H,090H,07CH,012H,012H ; TH_24 $ 
       12			
 0200  7C 10 00 00 00 00		DB	07CH,010H,000H,000H,000H,000H		; BT_24 $ 
 0206  00 60 92 94 68 10 2C		DB	000H,060H,092H,094H,068H,010H,02CH,052H ; TH_25 '%' 
       52			
 020E  92 0C 00 00 00 00		DB	092H,00CH,000H,000H,000H,000H		; BH_25 '%' 
 0214  00 30 48 48 48 30 52		DB	000H,030H,048H,048H,048H,030H,052H,08CH ; TH_26 & 
       8C			
 021C  94 62 00 00 00 00		DB	094H,062H,000H,000H,000H,000H		; BT_26 & 
 0222  00 18 08 10 00 00 00		DB	000H,018H,008H,010H,000H,000H,000H,000H ; TH_27 ' 
       00			
 022A  00 00 00 00 00 00		DB	000H,000H,000H,000H,000H,000H		; BT_27 ' 
 0230  00 10 20 40 40 40 40		DB	000H,010H,020H,040H,040H,040H,040H,040H ; TH_28 ( 
       40			
 0238  20 10 00 00 00 00		DB	020H,010H,000H,000H,000H,000H		; BT_28 ( 
 023E  00 10 08 04 04 04 04		DB	000H,010H,008H,004H,004H,004H,004H,004H ; TH_29 ) 
       04			
 0246  08 10 00 00 00 00		DB	008H,010H,000H,000H,000H,000H		; BT_29 ) 
 024C  00 00 44 28 10 FE 10		DB	000H,000H,044H,028H,010H,0FEH,010H,028H ; TH_2A * 
       28			
 0254  44 00 00 00 00 00		DB	044H,000H,000H,000H,000H,000H		; BT_2A * 
 025A  00 00 00 10 10 7C 10		DB	000H,000H,000H,010H,010H,07CH,010H,010H ; TH_2B + 
       10			
 0262  00 00 00 00 00 00		DB	000H,000H,000H,000H,000H,000H		; BT_2B + 
 0268  00 00 00 00 00 00 00		DB	000H,000H,000H,000H,000H,000H,000H,000H ; TH_2C , 
       00			
 0270  18 08 10 00 00 00		DB	018H,008H,010H,000H,000H,000H		; BT_2C , 
 0276  00 00 00 00 00 7C 00		DB	000H,000H,000H,000H,000H,07CH,000H,000H ; TH_2D - 
       00			
 027E  00 00 00 00 00 00		DB	000H,000H,000H,000H,000H,000H		; BT_2D - 
 0284  00 00 00 00 00 00 00		DB	000H,000H,000H,000H,000H,000H,000H,000H ; TH_2E . 
       00			
 028C  18 18 00 00 00 00		DB	018H,018H,000H,000H,000H,000H		; BT_2E . 
 0292  00 04 04 08 08 10 10		DB	000H,004H,004H,008H,008H,010H,010H,020H ; TH_2F / 
       20			
 029A  20 40 00 00 00 00		DB	020H,040H,000H,000H,000H,000H		; BT_2F / 
				 
 02A0  00 38 44 82 82 82 82		DB	000H,038H,044H,082H,082H,082H,082H,082H ; TH_30 0 
       82			
 02A8  44 38 00 00 00 00		DB	044H,038H,000H,000H,000H,000H		; BT_30 0 
 02AE  00 08 18 28 08 08 08		DB	000H,008H,018H,028H,008H,008H,008H,008H ; TH_31 1 
       08			
 02B6  08 3E 00 00 00 00		DB	008H,03EH,000H,000H,000H,000H		; BT_31 1 
 02BC  00 38 44 82 82 02 0C		DB	000H,038H,044H,082H,082H,002H,00CH,030H ; TH_32 2 
       30			
 02C4  C0 FE 00 00 00 00		DB	0C0H,0FEH,000H,000H,000H,000H		; BT_32 2 
 02CA  00 FE 04 08 10 0C 02		DB	000H,0FEH,004H,008H,010H,00CH,002H,082H ; TH_33 3 
       82			
 02D2  44 38 00 00 00 00		DB	044H,038H,000H,000H,000H,000H		; BT_33 3 
 02D8  00 04 08 10 24 44 84		DB	000H,004H,008H,010H,024H,044H,084H,0FEH ; TH_34 4 
       FE			
 02E0  04 04 00 00 00 00		DB	004H,004H,000H,000H,000H,000H		; BT_34 4 
 02E6  00 FE 80 80 FC 02 02		DB	000H,0FEH,080H,080H,0FCH,002H,002H,002H ; TH_35 5 
       02			
 02EE  82 7C 00 00 00 00		DB	082H,07CH,000H,000H,000H,000H		; BT_35 5 
 02F4  00 7C 82 80 80 FC 82		DB	000H,07CH,082H,080H,080H,0FCH,082H,082H ; TH_36 6 
       82			
 02FC  82 7C 00 00 00 00		DB	082H,07CH,000H,000H,000H,000H		; BT_36 6 
 0302  00 FE 82 04 04 08 08		DB	000H,0FEH,082H,004H,004H,008H,008H,010H ; TH_37 7 
       10			
 030A  10 20 00 00 00 00		DB	010H,020H,000H,000H,000H,000H		; BT_37 7 
 0310  00 7C 82 82 82 7C 82		DB	000H,07CH,082H,082H,082H,07CH,082H,082H ; TH_38 8 
       82			
 0318  82 7C 00 00 00 00		DB	082H,07CH,000H,000H,000H,000H		; BT_38 8 
 031E  00 7C 82 82 82 7E 02		DB	000H,07CH,082H,082H,082H,07EH,002H,002H ; TH_39 9 
       02			
 0326  82 7C 00 00 00 00		DB	082H,07CH,000H,000H,000H,000H		; BT_39 9 
 032C  00 00 00 18 18 00 00		DB	000H,000H,000H,018H,018H,000H,000H,000H ; TH_3A : 
       00			
 0334  18 18 00 00 00 00		DB	018H,018H,000H,000H,000H,000H		; BT_3A : 
 033A  00 00 00 18 18 00 00		DB	000H,000H,000H,018H,018H,000H,000H,000H ; TH_3B ; 
       00			
 0342  18 18 10 00 00 00		DB	018H,018H,010H,000H,000H,000H		; BT_3B ; 
 0348  00 00 0C 18 30 60 30		DB	000H,000H,00CH,018H,030H,060H,030H,018H ; TH_3C < 
       18			
 0350  0C 00 00 00 00 00		DB	00CH,000H,000H,000H,000H,000H		; BT_3C < 
 0356  00 00 00 00 FE 00 FE		DB	000H,000H,000H,000H,0FEH,000H,0FEH,000H ; TH_3D = 
       00			
 035E  00 00 00 00 00 00		DB	000H,000H,000H,000H,000H,000H		; BT_30 = 
 0364  00 00 60 30 18 0C 18		DB	000H,000H,060H,030H,018H,00CH,018H,030H ; TH_3E > 
       30			
 036C  60 00 00 00 00 00		DB	060H,000H,000H,000H,000H,000H		; BT_3E > 
 0372  00 3C 42 42 04 08 10		DB	000H,03CH,042H,042H,004H,008H,010H,010H ; TH_3F ? 
       10			
 037A  00 10 00 00 00 00		DB	000H,010H,000H,000H,000H,000H		; BT_3F ? 
				 
 0380  00 3C 42 8E 92 92 8C		DB	000H,03CH,042H,08EH,092H,092H,08CH,080H ; TH_40 @ 
       80			
 0388  42 3C 00 00 00 00		DB	042H,03CH,000H,000H,000H,000H		; BT_40 @ 
 038E  00 10 28 44 82 82 FE		DB	000H,010H,028H,044H,082H,082H,0FEH,082H ; TH_41 A 
       82			
 0396  82 82 00 00 00 00		DB	082H,082H,000H,000H,000H,000H		; BT_41 A 
 039C  00 FC 42 42 42 7C 42		DB	000H,0FCH,042H,042H,042H,07CH,042H,042H ; TH_42 8 
       42			
 03A4  42 FC 00 00 00 00		DB	042H,0FCH,000H,000H,000H,000H		; BT_42 B 
 03AA  00 7C 82 80 80 80 80		DB	000H,07CH,082H,080H,080H,080H,080H,080H ; TH_43 C 
       80			
 03B2  82 7C 00 00 00 00		DB	082H,07CH,000H,000H,000H,000H		; BT_43 C 
 03B8  00 F8 44 42 42 42 42		DB	000H,0F8H,044H,042H,042H,042H,042H,042H ; TH_44 D 
       42			
 03C0  44 F8 00 00 00 00		DB	044H,0F8H,000H,000H,000H,000H		; BT_44 D 
 03C6  00 FE 80 80 80 F8 80		DB	000H,0FEH,080H,080H,080H,0F8H,080H,080H ; TH_45 E 
       80			
 03CE  80 FE 00 00 00 00		DB	080H,0FEH,000H,000H,000H,000H		; BT_45 E 
 03D4  00 FE 80 80 80 F8 80		DB	000H,0FEH,080H,080H,080H,0F8H,080H,080H ; TH_46 F 
       80			
 03DC  80 80 00 00 00 00		DB	080H,080H,000H,000H,000H,000H		; BT_46 F 
 03E2  00 7C 82 80 80 9E 82		DB	000H,07CH,082H,080H,080H,09EH,082H,082H ; TH_47 G 
       82			
 03EA  82 7C 00 00 00 00		DB	082H,07CH,000H,000H,000H,000H		; BT_47 G 
 03F0  00 82 82 82 82 FE 82		DB	000H,082H,082H,082H,082H,0FEH,082H,082H ; TH_48 H 
       82			
 03F8  82 82 00 00 00 00		DB	082H,082H,000H,000H,000H,000H		; BT_48 H 
 03FE  00 7C 10 10 10 10 10		DB	000H,07CH,010H,010H,010H,010H,010H,010H ; TH_49 I 
       10			
 0406  10 7C 00 00 00 00		DB	010H,07CH,000H,000H,000H,000H		; BT_49 I 
 040C  00 3E 08 08 08 08 08		DB	000H,03EH,008H,008H,008H,008H,008H,088H ; TH_4A J 
       88			
 0414  88 70 00 00 00 00		DB	088H,070H,000H,000H,000H,000H		; BT_4A J 
 041A  00 82 84 88 90 E0 90		DB	000H,082H,084H,088H,090H,0E0H,090H,088H ; TH_4B K 
       88			
 0422  84 82 00 00 00 00		DB	084H,082H,000H,000H,000H,000H		; BT_4B K 
 0428  00 80 80 80 80 80 80		DB	000H,080H,080H,080H,080H,080H,080H,080H ; TH_4C L 
       80			
 0430  80 FE 00 00 00 00		DB	080H,0FEH,000H,000H,000H,000H		; BT_4C L 
 0436  00 82 C6 AA 92 92 82		DB	000H,082H,0C6H,0AAH,092H,092H,082H,082H ; TH_4D M 
       82			
 043E  82 82 00 00 00 00		DB	082H,082H,000H,000H,000H,000H		; BT_4D M 
 0444  00 82 82 C2 A2 92 8A		DB	000H,082H,082H,0C2H,0A2H,092H,08AH,086H ; TH_4E N 
       86			
 044C  82 82 00 00 00 00		DB	082H,082H,000H,000H,000H,000H		; BT_4E N 
 0452  00 7C 82 82 82 82 82		DB	000H,07CH,082H,082H,082H,082H,082H,082H ; TH_4F 0 
       82			
 045A  82 7C 00 00 00 00		DB	082H,07CH,000H,000H,000H,000H		; BT_4F 0 
				 
 0460  00 FC 82 82 82 82 FC		DB	000H,0FCH,082H,082H,082H,082H,0FCH,080H ; TH_50 P 
       80			
 0468  80 80 00 00 00 00		DB	080H,080H,000H,000H,000H,000H		; BT_50 P 
 046E  00 7C 82 82 82 82 82		DB	000H,07CH,082H,082H,082H,082H,082H,08AH ; TH_51 Q 
       8A			
 0476  84 7A 00 00 00 00		DB	084H,07AH,000H,000H,000H,000H		; BT_51 Q 
 047C  00 FC 82 82 82 FC 90		DB	000H,0FCH,082H,082H,082H,0FCH,090H,088H ; TH_52 R 
       88			
 0484  84 82 00 00 00 00		DB	084H,082H,000H,000H,000H,000H		; BT_52 R 
 048A  00 7C 82 80 80 7C 02		DB	000H,07CH,082H,080H,080H,07CH,002H,002H ; TH_53 S 
       02			
 0492  82 7C 00 00 00 00		DB	082H,07CH,000H,000H,000H,000H		; BT_53 S 
 0498  00 FE 10 10 10 10 10		DB	000H,0FEH,010H,010H,010H,010H,010H,010H ; TH_54 T 
       10			
 04A0  10 10 00 00 00 00		DB	010H,010H,000H,000H,000H,000H		; BT_54 T 
 04A6  00 82 82 82 82 82 82		DB	000H,082H,082H,082H,082H,082H,082H,082H ; TH_55 U 
       82			
 04AE  82 7C 00 00 00 00		DB	082H,07CH,000H,000H,000H,000H		; BT_55 U 
 04B4  00 82 82 82 44 44 28		DB	000H,082H,082H,082H,044H,044H,028H,028H ; TH_56 V 
       28			
 04BC  10 10 00 00 00 00		DB	010H,010H,000H,000H,000H,000H		; BT_56 V 
 04C2  00 82 82 82 82 82 92		DB	000H,082H,082H,082H,082H,082H,092H,092H ; TH_57 W 
       92			
 04CA  AA 44 00 00 00 00		DB	0AAH,044H,000H,000H,000H,000H		; BT_57 W 
 04D0  00 82 82 44 28 10 28		DB	000H,082H,082H,044H,028H,010H,028H,044H ; TH_58 X 
       44			
 04D8  82 82 00 00 00 00		DB	082H,082H,000H,000H,000H,000H		; BT_58 X 
 04DE  00 82 82 44 44 28 10		DB	000H,082H,082H,044H,044H,028H,010H,010H ; TH_59 Y 
       10			
 04E6  10 10 00 00 00 00		DB	010H,010H,000H,000H,000H,000H		; BT_59 Y 
 04EC  00 FE 02 04 08 10 20		DB	000H,0FEH,002H,004H,008H,010H,020H,040H ; TH_5A Z 
       40			
 04F4  80 FE 00 00 00 00		DB	080H,0FEH,000H,000H,000H,000H		; BT_5A Z 
 04FA  00 38 20 20 20 20 20		DB	000H,038H,020H,020H,020H,020H,020H,020H ; TH_5B [ 
       20			
 0502  20 38 00 00 00 00		DB	020H,038H,000H,000H,000H,000H		; BT_5B [ 
 0508  00 40 40 20 20 10 10		DB	000H,040H,040H,020H,020H,010H,010H,008H ; TH_5C 
       08			
 0510  08 04 00 00 00 00		DB	008H,004H,000H,000H,000H,000H		; BT_5C 
 0516  00 38 08 08 08 08 08		DB	000H,038H,008H,008H,008H,008H,008H,008H ; TH_5D 
       08			
 051E  08 38 00 00 00 00		DB	008H,038H,000H,000H,000H,000H		; BT_5D 
 0524  00 10 28 44 00 00 00		DB	000H,010H,028H,044H,000H,000H,000H,000H ; TH_5E 
       00			
 052C  00 00 00 00 00 00		DB	000H,000H,000H,000H,000H,000H		; BT_5E 
 0532  00 00 00 00 00 00 00		DB	000H,000H,000H,000H,000H,000H,000H,000H ; TH_5F _ 
       00			
 053A  00 00 00 FE 00 00		DB	000H,000H,000H,0FEH,000H,000H		; BT_5F _ 
				 
 0540  00 30 50 40 40 00 00		DB	000H,030H,050H,040H,040H,000H,000H,000H ; TH_60 
       00			
 0548  00 00 00 00 00 00		DB	000H,000H,000H,000H,000H,000H		; BT_60 
 054E  00 00 00 78 04 04 7C		DB	000H,000H,000H,078H,004H,004H,07CH,084H ; TH_61 LOWER_CASE A 
       84			
 0556  84 7A 00 00 00 00		DB	084H,07AH,000H,000H,000H,000H		; BT_61 LOWER_CASE A 
 055C  00 40 40 7C 42 42 42		DB	000H,040H,040H,07CH,042H,042H,042H,042H ; TH_62 L.C. B 
       42			
 0564  42 7C 00 00 00 00		DB	042H,07CH,000H,000H,000H,000H		; BT_62 L.C. B 
 056A  00 00 00 3C 42 40 40		DB	000H,000H,000H,03CH,042H,040H,040H,040H ; TH_63 L.C. C 
       40			
 0572  42 3C 00 00 00 00		DB	042H,03CH,000H,000H,000H,000H		; BT_63 L.C. C 
 0578  00 02 02 3E 42 42 42		DB	000H,002H,002H,03EH,042H,042H,042H,042H ; TH_64 L.C. D 
       42			
 0580  42 3E 00 00 00 00		DB	042H,03EH,000H,000H,000H,000H		; BT_64 L.C. D 
 0586  00 00 00 3C 42 42 7E		DB	000H,000H,000H,03CH,042H,042H,07EH,040H ; TH_65 L.C. E 
       40			
 058E  40 3C 00 00 00 00		DB	040H,03CH,000H,000H,000H,000H		; BT_65 L.C. E 
 0594  00 0E 10 7C 10 10 10		DB	000H,00EH,010H,07CH,010H,010H,010H,010H ; TH_66 L.C. F 
       10			
 059C  10 10 00 00 00 00		DB	010H,010H,000H,000H,000H,000H		; BT_66 L.C. F 
 05A2  00 00 00 7A 84 84 84		DB	000H,000H,000H,07AH,084H,084H,084H,084H ; TH_67 L.C. G 
       84			
 05AA  84 7C 04 78 00 00		DB	084H,07CH,004H,078H,000H,000H		; BT_67 L.C. G 
 05B0  00 40 40 7C 42 42 42		DB	000H,040H,040H,07CH,042H,042H,042H,042H ; TH_68 L.C. H 
       42			
 05B8  42 42 00 00 00 00		DB	042H,042H,000H,000H,000H,000H		; BT_68 L.C. H 
 05BE  00 08 00 18 08 08 08		DB	000H,008H,000H,018H,008H,008H,008H,008H ; TH_69 L.C. I 
       08			
 05C6  08 1C 00 00 00 00		DB	008H,01CH,000H,000H,000H,000H		; BT_69 L.C. I 
 05CC  00 08 00 1C 08 08 08		DB	000H,008H,000H,01CH,008H,008H,008H,008H ; TH_6A L.C. J 
       08			
 05D4  08 08 48 30 00 00		DB	008H,008H,048H,030H,000H,000H		; BT_6A L.C. J 
 05DA  00 40 40 44 48 50 70		DB	000H,040H,040H,044H,048H,050H,070H,048H ; TH_6B L.C. K 
       48			
 05E2  44 42 00 00 00 00		DB	044H,042H,000H,000H,000H,000H		; BT_6B L.C. K 
 05E8  00 30 10 10 10 10 10		DB	000H,030H,010H,010H,010H,010H,010H,010H ; TH_6C L.C. L 
       10			
 05F0  10 38 00 00 00 00		DB	010H,038H,000H,000H,000H,000H		; BT_6C L.C. L 
 05F6  00 00 00 C6 AA 92 92		DB	000H,000H,000H,0C6H,0AAH,092H,092H,092H ; TH_6D L.C. M 
       92			
 05FE  92 92 00 00 00 00		DB	092H,092H,000H,000H,000H,000H		; BT_6D L.C. M 
 0604  00 00 00 9C 62 42 42		DB	000H,000H,000H,09CH,062H,042H,042H,042H ; TH_6E L.C. N 
       42			
 060C  42 42 00 00 00 00		DB	042H,042H,000H,000H,000H,000H		; BT_6E L.C. N 
 0612  00 00 00 7C 82 82 82		DB	000H,000H,000H,07CH,082H,082H,082H,082H ; TH_6F L.C. O 
       82			
 061A  82 7C 00 00 00 00		DB	082H,07CH,000H,000H,000H,000H		; BT_6F L.C. O 
				 
 0620  00 00 00 7C 42 42 42		DB	000H,000H,000H,07CH,042H,042H,042H,042H ; TH_70 L.C. P 
       42			
 0628  42 7C 40 40 00 00		DB	042H,07CH,040H,040H,000H,000H		; BT_70 L.C. P 
 062E  00 00 00 7C 82 82 82		DB	000H,000H,000H,07CH,082H,082H,082H,082H ; TH_71 L.C. Q 
       82			
 0636  82 7E 02 02 00 00		DB	082H,07EH,002H,002H,000H,000H		; BT_71 L.C. Q 
 063C  00 00 00 DC 62 40 40		DB	000H,000H,000H,0DCH,062H,040H,040H,040H ; TH_72 L.C. R 
       40			
 0644  40 40 00 00 00 00		DB	040H,040H,000H,000H,000H,000H		; BT_72 L.C. R 
 064A  00 00 00 7C 80 80 7C		DB	000H,000H,000H,07CH,080H,080H,07CH,002H ; TH_73 L.C. S 
       02			
 0652  02 7C 00 00 00 00		DB	002H,07CH,000H,000H,000H,000H		; BT_73 L.C. S 
 0658  00 10 10 7E 10 10 10		DB	000H,010H,010H,07EH,010H,010H,010H,010H ; TH_74 L.C. T 
       10			
 0660  12 0C 00 00 00 00		DB	012H,00CH,000H,000H,000H,000H		; BT_74 L.C. T 
 0666  00 00 00 84 84 84 84		DB	000H,000H,000H,084H,084H,084H,084H,084H ; TH_75 L.C. U 
       84			
 066E  84 7A 00 00 00 00		DB	084H,07AH,000H,000H,000H,000H		; BT_75 L.C. U 
 0674  00 00 00 82 82 44 44		DB	000H,000H,000H,082H,082H,044H,044H,028H ; TH_76 L.C. V 
       28			
 067C  28 10 00 00 00 00		DB	028H,010H,000H,000H,000H,000H		; BT_76 L.C. V 
 0682  00 00 00 82 82 82 92		DB	000H,000H,000H,082H,082H,082H,092H,092H ; TH_77 L.C. W 
       92			
 068A  AA 44 00 00 00 00		DB	0AAH,044H,000H,000H,000H,000H		; BT_77 L.C. W 
 0690  00 00 00 82 44 28 10		DB	000H,000H,000H,082H,044H,028H,010H,028H ; TH_78 L.C. X 
       28			
 0698  44 82 00 00 00 00		DB	044H,082H,000H,000H,000H,000H		; BT_78 L.C. X 
 069E  00 00 00 82 82 44 44		DB	000H,000H,000H,082H,082H,044H,044H,028H ; TH_79 L.C. Y 
       28			
 06A6  28 10 20 C0 00 00		DB	028H,010H,020H,0C0H,000H,000H		; BT_79 L.C. Y 
 06AC  00 00 00 FE 04 08 10		DB	000H,000H,000H,0FEH,004H,008H,010H,020H ; TH_7A L.C. Z 
       20			
 06B4  40 FE 00 00 00 00		DB	040H,0FEH,000H,000H,000H,000H		; BT_7A L.C. Z 
 06BA  00 06 08 08 08 30 08		DB	000H,006H,008H,008H,008H,030H,008H,008H ; TH_7B L BRAK 
       08			
 06C2  08 06 00 00 00 00		DB	008H,006H,000H,000H,000H,000H		; BT_7B L BRAK 
 06C8  00 08 08 08 08 00 08		DB	000H,008H,008H,008H,008H,000H,008H,008H ; TH_7C | 
       08			
 06D0  08 08 00 00 00 00		DB	008H,008H,000H,000H,000H,000H		; BT_7C | 
 06D6  00 30 08 08 08 06 08		DB	000H,030H,008H,008H,008H,006H,008H,008H ; TH_7D R BRAK 
       08			
 06DE  08 30 00 00 00 00		DB	008H,030H,000H,000H,000H,000H		; BT_7D R BRAK 
 06E4  00 30 49 06 00 00 00		DB	000H,030H,049H,006H,000H,000H,000H,000H ; TH_7E TILDE 
       00			
 06EC  00 00 00 00 00 00		DB	000H,000H,000H,000H,000H,000H		; BT_7E TILDE 
 06F2  00 00 00 10 28 28 44		DB	000H,000H,000H,010H,028H,028H,044H,044H ; TH_7F DELTA 
       44			
 06FA  FE 00 00 00 00 00		DB	0FEH,000H,000H,000H,000H,000H		; BT_7F DELTA 
				 
 0700  08 08 08 08 08 FF 00		DB	008H,008H,008H,008H,008H,0FFH,000H,0FFH ; TH_80 
       FF			
 0708  00 00 00 00 00 00		DB	000H,000H,000H,000H,000H,000H		; BT_80 
 070E  24 24 24 24 24 24 FF		DB	024H,024H,024H,024H,024H,024H,0FFH,000H ; TH_81 
       00			
 0716  00 00 00 00 00 00		DB	000H,000H,000H,000H,000H,000H		; BT_81 
 071C  00 00 00 00 00 FF 00		DB	000H,000H,000H,000H,000H,0FFH,000H,0FFH ; TH_82 
       FF			
 0724  08 08 08 08 08 08		DB	008H,008H,008H,008H,008H,008H		; BT_82 
 072A  08 08 08 08 08 F8 08		DB	008H,008H,008H,008H,008H,0F8H,008H,0F8H ; TH_83 
       F8			
 0732  08 08 08 08 08 08		DB	008H,008H,008H,008H,008H,008H		; BT_83 
 0738  24 24 24 24 24 24 E4		DB	024H,024H,024H,024H,024H,024H,0E4H,024H ; TH_84 
       24			
 0740  24 24 24 24 24 24		DB	024H,024H,024H,024H,024H,024H		; BT_84 
 0746  00 00 00 00 00 00 FC		DB	000H,000H,000H,000H,000H,000H,0FCH,024H ; TH_85 
       24			
 074E  24 24 24 24 24 24		DB	024H,024H,024H,024H,024H,024H		; BT_85 
 0754  00 00 00 00 00 F8 08		DB	000H,000H,000H,000H,000H,0F8H,008H,0F8H ; TH_86 
       F8			
 075C  08 08 08 08 08 08		DB	008H,008H,008H,008H,008H,008H		; BT_86 
 0762  00 00 00 00 00 00 FF		DB	000H,000H,000H,000H,000H,000H,0FFH,024H ; TH_87 
       24			
 076A  24 24 24 24 24 24		DB	024H,024H,024H,024H,024H,024H		; BT_87 
 0770  24 24 24 24 24 24 3F		DB	024H,024H,024H,024H,024H,024H,03FH,000H ; TH_88 
       00			
 0778  00 00 00 00 00 00		DB	000H,000H,000H,000H,000H,000H		; BT_88 
 077E  08 08 08 08 08 0F 08		DB	008H,008H,008H,008H,008H,00FH,008H,00FH ; TH_89 
       0F			
 0786  00 00 00 00 00 00		DB	000H,000H,000H,000H,000H,000H		; BT_89 
 078C  00 00 00 00 00 0F 08		DB	000H,000H,000H,000H,000H,00FH,008H,00FH ; TH_8A 
       0F			
 0794  08 08 08 08 08 08		DB	008H,008H,008H,008H,008H,008H		; BT_8A 
 079A  24 24 24 24 24 24 FC		DB	024H,024H,024H,024H,024H,024H,0FCH,000H ; TH_8B 
       00			
 07A2  00 00 00 00 00 00		DB	000H,000H,000H,000H,000H,000H		; BT_8B 
 07A8  08 08 08 08 08 F8 08		DB	008H,008H,008H,008H,008H,0F8H,008H,0F8H ; TH_8C 
       F8			
 07B0  00 00 00 00 00 00		DB	000H,000H,000H,000H,000H,000H		; BT_8C 
 07B6  08 08 08 08 08 0F 08		DB	008H,008H,008H,008H,008H,00FH,008H,00FH ; TH_8D 
       0F			
 07BE  08 08 08 08 08 08		DB	008H,008H,008H,008H,008H,008H		; BT_8D 
 07C4  24 24 24 24 24 24 27		DB	024H,024H,024H,024H,024H,024H,027H,024H ; TH_8E 
       24			
 07CC  24 24 24 24 24 24		DB	024H,024H,024H,024H,024H,024H		; BT_8E 
 07D2  00 00 00 00 00 00 3F		DB	000H,000H,000H,000H,000H,000H,03FH,024H ; TH_8F 
       24			
 07DA  24 24 24 24 24 24		DB	024H,024H,024H,024H,024H,024H		; BT_8F 
				 
 07E0  00 00 00 00 00 3F 20		DB	000H,000H,000H,000H,000H,03FH,020H,027H ; TH_90 
       27			
 07E8  24 24 24 24 24 24		DB	024H,024H,024H,024H,024H,024H		; BT_90 
 07EE  00 00 00 00 00 FC 04		DB	000H,000H,000H,000H,000H,0FCH,004H,0E4H ; TH_91 
       E4			
 07F6  24 24 24 24 24 24		DB	024H,024H,024H,024H,024H,024H		; BT_91 
 07FC  24 24 24 24 24 E4 04		DB	024H,024H,024H,024H,024H,0E4H,004H,0FCH ; TH_92 
       FC			
 0804  00 00 00 00 00 00		DB	000H,000H,000H,000H,000H,000H		; BT_92 
 080A  24 24 24 24 24 27 20		DB	024H,024H,024H,024H,024H,027H,020H,03FH ; TH_93 
       3F			
 0812  00 00 00 00 00 00		DB	000H,000H,000H,000H,000H,000H		; BT_93 
 0818  00 00 00 00 00 FF 00		DB	000H,000H,000H,000H,000H,0FFH,000H,0FFH ; TH_94 
       FF			
 0820  00 00 00 00 00 00		DB	000H,000H,000H,000H,000H,000H		; BT_94 
 0826  24 24 24 24 24 24 24		DB	024H,024H,024H,024H,024H,024H,024H,024H ; TH_95 
       24			
 082E  24 24 24 24 24 24		DB	024H,024H,024H,024H,024H,024H		; BT_95 
 0834  00 00 00 00 00 FF 00		DB	000H,000H,000H,000H,000H,0FFH,000H,0E7H ; TH_96 
       E7			
 083C  24 24 24 24 24 24		DB	024H,024H,024H,024H,024H,024H		; BT_96 
 0842  24 24 24 24 24 E4 04		DB	024H,024H,024H,024H,024H,0E4H,004H,0E4H ; TH_97 
       E4			
 084A  24 24 24 24 24 24		DB	024H,024H,024H,024H,024H,024H		; BT_97 
 0850  24 24 24 24 24 E7 00		DB	024H,024H,024H,024H,024H,0E7H,000H,0FFH ; TH_98 
       FF			
 0858  00 00 00 00 00 00		DB	000H,000H,000H,000H,000H,000H		; BT_98 
 085E  24 24 24 24 24 27 20		DB	024H,024H,024H,024H,024H,027H,020H,027H ; TH_99 
       27			
 0866  24 24 24 24 24 24		DB	024H,024H,024H,024H,024H,024H		; BT_99 
 086C  24 24 24 24 24 E7 00		DB	024H,024H,024H,024H,024H,0E7H,000H,0E7H ; TH_9A 
       E7			
 0874  24 24 24 24 24 24		DB	024H,024H,024H,024H,024H,024H		; BT_9A 
 087A  92 00 92 00 92 00 92		DB	092H,000H,092H,000H,092H,000H,092H,000H ; TH_9B 
       00			
 0882  92 00 92 00 92 00		DB	092H,000H,092H,000H,092H,000H		; BT_9B 
 0888  92 24 92 24 92 24 92		DB	092H,024H,092H,024H,092H,024H,092H,024H ; TH_9C 
       24			
 0890  92 24 92 24 92 24		DB	092H,024H,092H,024H,092H,024H		; BT_9C 
 0896  55 AA 55 AA 55 AA 55		DB	055H,0AAH,055H,0AAH,055H,0AAH,055H,0AAH ; TH_9D 
       AA			
 089E  55 AA 55 AA 55 AA		DB	055H,0AAH,055H,0AAH,055H,0AAH		; BT_9D 
 08A4  24 24 24 24 24 24 E7		DB	024H,024H,024H,024H,024H,024H,0E7H,024H ; TH_9E 
       24			
 08AC  24 24 24 24 24 24		DB	024H,024H,024H,024H,024H,024H		; BT_9E 
 08B2  08 08 08 08 08 FF 00		DB	008H,008H,008H,008H,008H,0FFH,000H,0FFH ; TH_9F 
       FF			
 08BA  08 08 08 08 08 08		DB	008H,008H,008H,008H,008H,008H		; BT_9F 
				 
 08C0  00 00 00 00 00 00 0F		DB	000H,000H,000H,000H,000H,000H,00FH,008H ; TH_A0 
       08			
 08C8  08 08 08 08 08 08		DB	008H,008H,008H,008H,008H,008H		; BT_A0 
 08CE  00 00 00 00 00 00 F8		DB	000H,000H,000H,000H,000H,000H,0F8H,008H ; TH_A1 
       08			
 08D6  08 08 08 08 08 08		DB	008H,008H,008H,008H,008H,008H		; BT_A1 
 08DC  08 08 08 08 08 08 F8		DB	008H,008H,008H,008H,008H,008H,0F8H,000H ; TH_A2 
       00			
 08E4  00 00 00 00 00 00		DB	000H,000H,000H,000H,000H,000H		; BT_A2 
 08EA  08 08 08 08 08 08 0F		DB	008H,008H,008H,008H,008H,008H,00FH,000H ; TH_A3 
       00			
 08F2  00 00 00 00 00 00		DB	000H,000H,000H,000H,000H,000H		; BT_A3 
 08F8  00 00 00 00 00 00 FF		DB	000H,000H,000H,000H,000H,000H,0FFH,000H ; TH_A4 
       00			
 0900  00 00 00 00 00 00		DB	000H,000H,000H,000H,000H,000H		; BT_A4 
 0906  08 08 08 08 08 08 08		DB	008H,008H,008H,008H,008H,008H,008H,008H ; TH_A5 
       08			
 090E  08 08 08 08 08 08		DB	008H,008H,008H,008H,008H,008H		; BT_A5 
 0914  00 00 00 00 00 00 FF		DB	000H,000H,000H,000H,000H,000H,0FFH,008H ; TH_A6 
       08			
 091C  08 08 08 08 08 08		DB	008H,008H,008H,008H,008H,008H		; BT_A6 
 0922  08 08 08 08 08 08 F8		DB	008H,008H,008H,008H,008H,008H,0F8H,008H ; TH_A7 
       08			
 092A  08 08 08 08 08 08		DB	008H,008H,008H,008H,008H,008H		; BT_A7 
 0930  08 08 08 08 08 08 FF		DB	008H,008H,008H,008H,008H,008H,0FFH,000H ; TH_A8 
       00			
 0938  00 00 00 00 00 00		DB	000H,000H,000H,000H,000H,000H		; BT_AB 
 093E  08 08 08 08 08 08 0F		DB	008H,008H,008H,008H,008H,008H,00FH,008H ; TH_A9 
       08			
 0946  08 08 08 08 08 08		DB	008H,008H,008H,008H,008H,008H		; BT_A9 
 094C  08 08 08 08 08 08 FF		DB	008H,008H,008H,008H,008H,008H,0FFH,008H ; TH_AA 
       08			
 0954  08 08 08 08 08 08		DB	008H,008H,008H,008H,008H,008H		; BT_AA 
 095A  FF FF FF FF FF FF FF		DB	0FFH,0FFH,0FFH,0FFH,0FFH,0FFH,0FFH,0FFH ; TH_AB 
       FF			
 0962  FF FF FF FF FF FF		DB	0FFH,0FFH,0FFH,0FFH,0FFH,0FFH		; BT_AB 
 0968  00 00 00 00 00 00 00		DB	000H,000H,000H,000H,000H,000H,000H,0FFH ; TH_AC 
       FF			
 0970  FF FF FF FF FF FF		DB	0FFH,0FFH,0FFH,0FFH,0FFH,0FFH		; BT_AC 
 0976  FF FF FF FF FF FF FF		DB	0FFH,0FFH,0FFH,0FFH,0FFH,0FFH,0FFH,000H ; TH_AD 
       00			
 097E  00 00 00 00 00 00		DB	000H,000H,000H,000H,000H,000H		; BT_AD 
 0984  0F 0F 0F 0F 0F 0F 0F		DB	00FH,00FH,00FH,00FH,00FH,00FH,00FH,00FH ; TH_AE 
       0F			
 098C  0F 0F 0F 0F 0F 0F		DB	00FH,00FH,00FH,00FH,00FH,00FH		; BT_AE 
 0992  FE FE FE FE FE FE FE		DB	0FEH,0FEH,0FEH,0FEH,0FEH,0FEH,0FEH,000H ; TH_AF 
       00			
 099A  00 00 00 00 00 00		DB	000H,000H,000H,000H,000H,000H		; BT_AF 
				 
 09A0  00 10 28 44 82 82 FE		DB	000H,010H,028H,044H,082H,082H,0FEH,082H ; TH_B0 
       82			
 09A8  82 82 00 00 00 00		DB	082H,082H,000H,000H,000H,000H		; BT_B0 
 09AE  00 FE 80 80 80 FC 82		DB	000H,0FEH,080H,080H,080H,0FCH,082H,082H ; TH_B1 
       82			
 09B6  82 FC 00 00 00 00		DB	082H,0FCH,000H,000H,000H,000H		; BT_B1 
 09BC  00 FC 82 82 82 FC 82		DB	000H,0FCH,082H,082H,082H,0FCH,082H,082H ; TH_B2 
       82			
 09C4  82 FC 00 00 00 00		DB	082H,0FCH,000H,000H,000H,000H		; BT_B2 
 09CA  00 FE 80 80 80 80 80		DB	000H,0FEH,080H,080H,080H,080H,080H,080H ; TH_B3 
       80			
 09D2  80 80 00 00 00 00		DB	080H,080H,000H,000H,000H,000H		; BT_B3 
 09D8  00 0C 14 24 44 44 44		DB	000H,00CH,014H,024H,044H,044H,044H,044H ; TH_B4 
       44			
 09E0  44 FE 82 00 00 00		DB	044H,0FEH,082H,000H,000H,000H		; BT_B4 
 09E6  00 FE 80 80 80 F8 80		DB	000H,0FEH,080H,080H,080H,0F8H,080H,080H ; TH_B5 
       80			
 09EE  80 FE 00 00 00 00		DB	080H,0FEH,000H,000H,000H,000H		; BT_B5 
 09F4  00 92 92 92 54 38 54		DB	000H,092H,092H,092H,054H,038H,054H,092H ; TH_B6 
       92			
 09FC  92 92 00 00 00 00		DB	092H,092H,000H,000H,000H,000H		; BT_B6 
 0A02  00 7C 82 02 02 3C 02		DB	000H,07CH,082H,002H,002H,03CH,002H,002H ; TH_B7 
       02			
 0A0A  82 7C 00 00 00 00		DB	082H,07CH,000H,000H,000H,000H		; BT_B7 
 0A10  00 82 82 86 8A 92 A2		DB	000H,082H,082H,086H,08AH,092H,0A2H,0C2H ; TH_B8 
       C2			
 0A18  82 82 00 00 00 00		DB	082H,082H,000H,000H,000H,000H		; BT_B8 
 0A1E  00 92 82 86 8A 92 A2		DB	000H,092H,082H,086H,08AH,092H,0A2H,0C2H ; TH_B9 
       C2			
 0A26  82 82 00 00 00 00		DB	082H,082H,000H,000H,000H,000H		; BT_B9 
 0A2C  00 82 84 88 90 E0 90		DB	000H,082H,084H,088H,090H,0E0H,090H,088H ; TH_BA 
       88			
 0A34  84 82 00 00 00 00		DB	084H,082H,000H,000H,000H,000H		; BT_BA 
 0A3A  00 0E 12 22 42 82 82		DB	000H,00EH,012H,022H,042H,082H,082H,082H ; TH_BB 
       82			
 0A42  82 82 00 00 00 00		DB	082H,082H,000H,000H,000H,000H		; BT_BB 
 0A48  00 82 C6 AA 92 92 82		DB	000H,082H,0C6H,0AAH,092H,092H,082H,082H ; TH_BC 
       82			
 0A50  82 82 00 00 00 00		DB	082H,082H,000H,000H,000H,000H		; BT_BC 
 0A56  00 82 82 82 82 FE 82		DB	000H,082H,082H,082H,082H,0FEH,082H,082H ; TH_BD 
       82			
 0A5E  82 82 00 00 00 00		DB	082H,082H,000H,000H,000H,000H		; BT_BD 
 0A64  00 7C 82 82 82 82 82		DB	000H,07CH,082H,082H,082H,082H,082H,082H ; TH_BE 
       82			
 0A6C  82 7C 00 00 00 00		DB	082H,07CH,000H,000H,000H,000H		; BT_BE 
 0A72  00 FE 82 82 82 82 82		DB	000H,0FEH,082H,082H,082H,082H,082H,082H ; TH_BF 
       82			
 0A7A  82 82 00 00 00 00		DB	082H,082H,000H,000H,000H,000H		; BT_BF 
				 
 0A80  00 FC 82 82 82 82 FC		DB	000H,0FCH,082H,082H,082H,082H,0FCH,080H ; TH_C0 
       80			
 0A88  80 80 00 00 00 00		DB	080H,080H,000H,000H,000H,000H		; BT_C0 
 0A8E  00 7C 82 80 80 80 80		DB	000H,07CH,082H,080H,080H,080H,080H,080H ; TH_C1 
       80			
 0A96  82 7C 00 00 00 00		DB	082H,07CH,000H,000H,000H,000H		; BT_C1 
 0A9C  00 FE 10 10 10 10 10		DB	000H,0FEH,010H,010H,010H,010H,010H,010H ; TH_C2 
       10			
 0AA4  10 10 00 00 00 00		DB	010H,010H,000H,000H,000H,000H		; BT_C2 
 0AAA  00 82 82 82 82 82 7E		DB	000H,082H,082H,082H,082H,082H,07EH,002H ; TH_C3 
       02			
 0AB2  82 7C 00 00 00 00		DB	082H,07CH,000H,000H,000H,000H		; BT_C3 
 0AB8  00 10 7C 92 92 92 92		DB	000H,010H,07CH,092H,092H,092H,092H,07CH ; TH_C4 
       7C			
 0AC0  10 10 00 00 00 00		DB	010H,010H,000H,000H,000H,000H		; BT_C4 
 0AC6  00 82 82 44 28 10 28		DB	000H,082H,082H,044H,028H,010H,028H,044H ; TH_C5 
       44			
 0ACE  82 82 00 00 00 00		DB	082H,082H,000H,000H,000H,000H		; BT_C5 
 0AD4  00 84 84 84 84 84 84		DB	000H,084H,084H,084H,084H,084H,084H,084H ; TH_C6 
       84			
 0ADC  84 FE 02 00 00 00		DB	084H,0FEH,002H,000H,000H,000H		; BT_C6 
 0AE2  00 82 82 82 82 82 7E		DB	000H,082H,082H,082H,082H,082H,07EH,002H ; TH_C7 
       02			
 0AEA  02 02 00 00 00 00		DB	002H,002H,000H,000H,000H,000H		; BT_C7 
 0AF0  00 92 92 92 92 92 92		DB	000H,092H,092H,092H,092H,092H,092H,092H ; TH_C8 
       92			
 0AF8  92 FE 00 00 00 00		DB	092H,0FEH,000H,000H,000H,000H		; BT_C8 
 0AFE  00 92 92 92 92 92 92		DB	000H,092H,092H,092H,092H,092H,092H,092H ; TH_C9 
       92			
 0B06  92 FF 01 00 00 00		DB	092H,0FFH,001H,000H,000H,000H		; BT_C9 
 0B0C  00 60 20 20 20 3E 21		DB	000H,060H,020H,020H,020H,03EH,021H,021H ; TH_CA 
       21			
 0B14  21 3E 00 00 00 00		DB	021H,03EH,000H,000H,000H,000H		; BT_CA 
 0B1A  00 82 82 82 82 F2 8A		DB	000H,082H,082H,082H,082H,0F2H,08AH,08AH ; TH_CB 
       8A			
 0B22  8A F2 00 00 00 00		DB	08AH,0F2H,000H,000H,000H,000H		; BT_CB 
 0B28  00 80 80 80 80 FC 82		DB	000H,080H,080H,080H,080H,0FCH,082H,082H ; TH_CC 
       82			
 0B30  82 FC 00 00 00 00		DB	082H,0FCH,000H,000H,000H,000H		; BT_CC 
 0B36  00 F8 04 02 02 7E 02		DB	000H,0F8H,004H,002H,002H,07EH,002H,002H ; TH_CD 
       02			
 0B3E  04 F8 00 00 00 00		DB	004H,0F8H,000H,000H,000H,000H		; BT_CD 
 0B44  00 8C 92 92 92 F2 92		DB	000H,08CH,092H,092H,092H,0F2H,092H,092H ; TH_CE 
       92			
 0B4C  92 8C 00 00 00 00		DB	092H,08CH,000H,000H,000H,000H		; BT_CE 
 0B52  00 7E 82 82 82 7E 12		DB	000H,07EH,082H,082H,082H,07EH,012H,022H ; TH_CF 
       22			
 0B5A  42 82 00 00 00 00		DB	042H,082H,000H,000H,000H,000H		; BT_CF 
				 
 0B60  00 00 00 78 04 04 7C		DB	000H,000H,000H,078H,004H,004H,07CH,084H ; TH_D0 
       84			
 0B68  84 7A 00 00 00 00		DB	084H,07AH,000H,000H,000H,000H		; BT_D0 
 0B6E  00 02 02 7C 80 7C 82		DB	000H,002H,002H,07CH,080H,07CH,082H,082H ; TH_D1 
       82			
 0B76  82 7C 00 00 00 00		DB	082H,07CH,000H,000H,000H,000H		; BT_D1 
 0B7C  00 70 88 88 90 FC 82		DB	000H,070H,088H,088H,090H,0FCH,082H,082H ; TH_D2 
       82			
 0B84  82 FC 00 00 00 00		DB	082H,0FCH,000H,000H,000H,000H		; BT_D2 
 0B8A  00 00 00 FE 80 80 80		DB	000H,000H,000H,0FEH,080H,080H,080H,080H ; TH_D3 
       80			
 0B92  80 80 00 00 00 00		DB	080H,080H,000H,000H,000H,000H		; BT_D3 
 0B98  00 00 00 0C 14 24 44		DB	000H,000H,000H,00CH,014H,024H,044H,044H ; TH_D4 
       44			
 0BA0  44 FE 82 00 00 00		DB	044H,0FEH,082H,000H,000H,000H		; BT_D4 
 0BA6  00 00 00 7C 82 82 FE		DB	000H,000H,000H,07CH,082H,082H,0FEH,080H ; TH_D5 
       80			
 0BAE  80 7C 00 00 00 00		DB	080H,07CH,000H,000H,000H,000H		; BT_D5 
 0BB4  00 00 00 92 54 38 10		DB	000H,000H,000H,092H,054H,038H,010H,038H ; TH_D6 
       38			
 0BBC  54 92 00 00 00 00		DB	054H,092H,000H,000H,000H,000H		; BT_D6 
 0BC2  00 00 00 7C 82 02 3C		DB	000H,000H,000H,07CH,082H,002H,03CH,002H ; TH_D7 
       02			
 0BCA  82 7C 00 00 00 00		DB	082H,07CH,000H,000H,000H,000H		; BT_D7 
 0BD0  00 00 00 82 86 8A 92		DB	000H,000H,000H,082H,086H,08AH,092H,0A2H ; TH_D8 
       A2			
 0BD8  C2 82 00 00 00 00		DB	0C2H,082H,000H,000H,000H,000H		; BT_D8 
 0BDE  00 00 10 82 86 8A 92		DB	000H,000H,010H,082H,086H,08AH,092H,0A2H ; TH_D9 
       A2			
 0BE6  C2 82 00 00 00 00		DB	0C2H,082H,000H,000H,000H,000H		; BT_D9 
 0BEC  00 00 00 82 84 88 F0		DB	000H,000H,000H,082H,084H,088H,0F0H,088H ; TH_DA 
       88			
 0BF4  84 82 00 00 00 00		DB	084H,082H,000H,000H,000H,000H		; BT_DA 
 0BFA  00 00 00 0E 12 22 42		DB	000H,000H,000H,00EH,012H,022H,042H,082H ; TH_DB 
       82			
 0C02  82 82 00 00 00 00		DB	082H,082H,000H,000H,000H,000H		; BT_DB 
 0C08  00 00 00 82 C6 AA 92		DB	000H,000H,000H,082H,0C6H,0AAH,092H,082H ; TH_DC 
       82			
 0C10  82 82 00 00 00 00		DB	082H,082H,000H,000H,000H,000H		; BT_DC 
 0C16  00 00 00 82 82 82 FE		DB	000H,000H,000H,082H,082H,082H,0FEH,082H ; TH_DD 
       82			
 0C1E  82 82 00 00 00 00		DB	082H,082H,000H,000H,000H,000H		; BT_DD 
 0C24  00 00 00 7C 82 82 82		DB	000H,000H,000H,07CH,082H,082H,082H,082H ; TH_DE 
       82			
 0C2C  82 7C 00 00 00 00		DB	082H,07CH,000H,000H,000H,000H		; BT_DE 
 0C32  00 00 00 FE 82 82 82		DB	000H,000H,000H,0FEH,082H,082H,082H,082H ; TH_DF 
       82			
 0C3A  82 82 00 00 00 00		DB	082H,082H,000H,000H,000H,000H		; BT_DF 
				 
 0C40  00 00 00 7C 42 42 42		DB	000H,000H,000H,07CH,042H,042H,042H,042H ; TH_E0 
       42			
 0C48  42 7C 40 40 00 00		DB	042H,07CH,040H,040H,000H,000H		; BT_E0 
 0C4E  00 00 00 7C 82 80 80		DB	000H,000H,000H,07CH,082H,080H,080H,080H ; TH_E1 
       80			
 0C56  82 7C 00 00 00 00		DB	082H,07CH,000H,000H,000H,000H		; BT_E1 
 0C5C  00 00 00 FE 10 10 10		DB	000H,000H,000H,0FEH,010H,010H,010H,010H ; TH_E2 
       10			
 0C64  10 10 00 00 00 00		DB	010H,010H,000H,000H,000H,000H		; BT_E2 
 0C6A  00 00 00 82 82 82 82		DB	000H,000H,000H,082H,082H,082H,082H,082H ; TH_E3 
       82			
 0C72  82 7E 02 FC 00 00		DB	082H,07EH,002H,0FCH,000H,000H		; BT_E3 
 0C78  00 00 00 10 7C 92 92		DB	000H,000H,000H,010H,07CH,092H,092H,092H ; TH_E4 
       92			
 0C80  7C 10 10 10 00 00		DB	07CH,010H,010H,010H,000H,000H		; BT_E4 
 0C86  00 00 00 82 44 28 10		DB	000H,000H,000H,082H,044H,028H,010H,028H ; TH_E5 
       28			
 0C8E  44 82 00 00 00 00		DB	044H,082H,000H,000H,000H,000H		; BT_E5 
 0C94  00 00 00 84 84 84 84		DB	000H,000H,000H,084H,084H,084H,084H,084H ; TH_E6 
       84			
 0C9C  84 FE 02 00 00 00		DB	084H,0FEH,002H,000H,000H,000H		; BT_E6 
 0CA2  00 00 00 82 82 82 82		DB	000H,000H,000H,082H,082H,082H,082H,07EH ; TH_E7 
       7E			
 0CAA  02 02 00 00 00 00		DB	002H,002H,000H,000H,000H,000H		; BT_E7 
 0CB0  00 00 00 92 92 92 92		DB	000H,000H,000H,092H,092H,092H,092H,092H ; TH_E8 
       92			
 0CB8  92 FE 00 00 00 00		DB	092H,0FEH,000H,000H,000H,000H		; BT_E8 
 0CBE  00 00 00 92 92 92 92		DB	000H,000H,000H,092H,092H,092H,092H,092H ; TH_E9 
       92			
 0CC6  92 FF 01 00 00 00		DB	092H,0FFH,001H,000H,000H,000H		; BT_E9 
 0CCC  00 00 00 C0 40 40 7C		DB	000H,000H,000H,0C0H,040H,040H,07CH,042H ; TH_EA 
       42			
 0CD4  42 7C 00 00 00 00		DB	042H,07CH,000H,000H,000H,000H		; BT_EA 
 0CDA  00 00 00 82 82 82 F2		DB	000H,000H,000H,082H,082H,082H,0F2H,08AH ; TH_EB 
       8A			
 0CE2  8A F2 00 00 00 00		DB	08AH,0F2H,000H,000H,000H,000H		; BT_EB 
 0CE8  00 00 00 80 80 80 FC		DB	000H,000H,000H,080H,080H,080H,0FCH,082H ; TH_EC 
       82			
 0CF0  82 FC 00 00 00 00		DB	082H,0FCH,000H,000H,000H,000H		; BT_EC 
 0CF6  00 00 00 F8 04 02 7E		DB	000H,000H,000H,0F8H,004H,002H,07EH,002H ; TH_ED 
       02			
 0CFE  04 F8 00 00 00 00		DB	004H,0F8H,000H,000H,000H,000H		; BT_ED 
 0D04  00 00 00 8C 92 92 F2		DB	000H,000H,000H,08CH,092H,092H,0F2H,092H ; TH_EE 
       92			
 0D0C  92 8C 00 00 00 00		DB	092H,08CH,000H,000H,000H,000H		; BT_EE 
 0D12  00 00 00 7E 82 82 7E		DB	000H,000H,000H,07EH,082H,082H,07EH,022H ; TH_EF 
       22			
 0D1A  42 82 00 00 00 00		DB	042H,082H,000H,000H,000H,000H		; BT_EF 
				 
 0D20  24 FE 80 80 80 F8 80		DB	024H,0FEH,080H,080H,080H,0F8H,080H,080H ; TH_F0 
       80			
 0D28  80 FE 00 00 00 00		DB	080H,0FEH,000H,000H,000H,000H		; BT_F0 
 0D2E  00 24 00 7C 82 82 FE		DB	000H,024H,000H,07CH,082H,082H,0FEH,080H ; TH_F1 
       80			
 0D36  80 7C 00 00 00 00		DB	080H,07CH,000H,000H,000H,000H		; BT_F1 
 0D3C  00 00 00 00 00 00 00		DB	000H,000H,000H,000H,000H,000H,000H,002H ; TH_F2 
       02			
 0D44  04 04 08 10 10 20		DB	004H,004H,008H,010H,010H,020H		; BT_F2 
 0D4A  00 00 00 00 00 00 00		DB	000H,000H,000H,000H,000H,000H,000H,080H ; TH_F3 
       80			
 0D52  40 40 20 10 10 08		DB	040H,040H,020H,010H,010H,008H		; BT_F3 
 0D58  08 10 10 20 40 40 80		DB	008H,010H,010H,020H,040H,040H,080H,000H ; TH_F4 
       00			
 0D60  00 00 00 00 00 00		DB	000H,000H,000H,000H,000H,000H		; BT_F4 
 0D66  20 10 10 08 04 04 02		DB	020H,010H,010H,008H,004H,004H,002H,000H ; TH_F5 
       00			
 0D6E  00 00 00 00 00 00		DB	000H,000H,000H,000H,000H,000H		; BT_F5 
 0D74  00 00 00 08 04 FE 04		DB	000H,000H,000H,008H,004H,0FEH,004H,008H ; TH_F6 
       08			
 0D7C  00 00 00 00 00 00		DB	000H,000H,000H,000H,000H,000H		; BT_F6 
 0D82  00 00 00 20 40 FE 40		DB	000H,000H,000H,020H,040H,0FEH,040H,020H ; TH_F7 
       20			
 0D8A  00 00 00 00 00 00		DB	000H,000H,000H,000H,000H,000H		; BT_F7 
 0D90  00 10 38 54 10 10 10		DB	000H,010H,038H,054H,010H,010H,010H,010H ; TH_F8 
       10			
 0D98  10 00 00 00 00 00		DB	010H,000H,000H,000H,000H,000H		; BT_F8 
 0D9E  00 10 10 10 10 10 54		DB	000H,010H,010H,010H,010H,010H,054H,038H ; TH_F9 
       38			
 0DA6  10 00 00 00 00 00		DB	010H,000H,000H,000H,000H,000H		; BT_F9 
 0DAC  00 00 38 38 00 FE 00		DB	000H,000H,038H,038H,000H,0FEH,000H,038H ; TH_FA 
       38			
 0DB4  38 00 00 00 00 00		DB	038H,000H,000H,000H,000H,000H		; BT_FA 
 0DBA  00 00 00 10 10 7C 10		DB	000H,000H,000H,010H,010H,07CH,010H,010H ; TH_FB 
       10			
 0DC2  00 7C 00 00 00 00		DB	000H,07CH,000H,000H,000H,000H		; BT_FB 
 0DC8  00 8E 88 CB AB A8 98		DB	000H,08EH,088H,0CBH,0ABH,0A8H,098H,088H ; TH_FC 
       88			
 0DD0  88 88 00 00 00 00		DB	088H,088H,000H,000H,000H,000H		; BT_FC 
 0DD6  00 00 C3 3C 42 42 42		DB	000H,000H,0C3H,03CH,042H,042H,042H,03CH ; TH_FD 
       3C			
 0DDE  C3 00 00 00 00 00		DB	0C3H,000H,000H,000H,000H,000H		; BT_FD 
 0DE4  00 00 00 00 7C 7C 7C		DB	000H,000H,000H,000H,07CH,07CH,07CH,07CH ; TH_FE 
       7C			
 0DEC  00 00 00 00 00 00		DB	000H,000H,000H,000H,000H,000H		; BT_FE 
 0DF2  00 00 00 00 00 00 00		DB	000H,000H,000H,000H,000H,000H,000H,000H ; TH_FF 
       00			
 0DFA  00 00 00 00 00 00		DB	000H,000H,000H,000H,000H,000H		; BT_FF 
 0E00				CODE	ENDS 
					END 
Segments and Groups:

                N a m e         	Length	 Align	Combine Class

CODE . . . . . . . . . . . . . .  	0E00	PARA	PUBLIC	

Symbols:            

                N a m e         	Type	 Value	 Attr

CGMN . . . . . . . . . . . . . .  	L BYTE	0000	CODE	Global

@FILENAME  . . . . . . . . . . .  	TEXT  VCGMN		


    535 Source  Lines
    535 Total   Lines
      4 Symbols

  49690 + 366518 Bytes symbol space free

      0 Warning Errors
      0 Severe  Errors
