					PAGE,120 
					SUBTTL	MONOCHROME CHARACTER GENERATOR	-  ALPHA SUPPLEMENT 
 0000				CODE	SEGMENT PUBLIC 
					PUBLIC	CGMN_FDG 
 0000				CGMN_FDG	LABEL	BYTE 
				 
				; STRUCTURE OF THIS FILE 
				;	DB	XXH	WHERE XX IS THE HEX CODE FOR THE FOLLOWING CHAR 
				;	DB	[BYTES 0 - 13 OF THAT CHARACTER] 
				;	... 
				;	DB	00H	INDICATES NO MORE REPLACEMENTS TO BE DONE 
				 
				;1842{ 
				IFNDEF RUS_EGA 
 0000  1D				DB	01DH					; 
 0001  00 00 00 00 24 66 FF		DB	000H,000H,000H,000H,024H,066H,0FFH,066H ; TH_1D 
       66			
 0009  24 00 00 00 00 00		DB	024H,000H,000H,000H,000H,000H		; BT_1D 
 000F  22				DB	022H					; 
 0010  00 63 63 63 22 00 00		DB	000H,063H,063H,063H,022H,000H,000H,000H ; TH_22 " 
       00			
 0018  00 00 00 00 00 00		DB	000H,000H,000H,000H,000H,000H		; BT_22 " 
 001E  2B				DB	02BH					; 
 001F  00 00 00 18 18 18 FF		DB	000H,000H,000H,018H,018H,018H,0FFH,018H ; TH_2B + 
       18			
 0027  18 18 00 00 00 00		DB	018H,018H,000H,000H,000H,000H		; BT_2B + 
 002D  2D				DB	02DH					; 
 002E  00 00 00 00 00 00 FF		DB	000H,000H,000H,000H,000H,000H,0FFH,000H ; TH_2D - 
       00			
 0036  00 00 00 00 00 00		DB	000H,000H,000H,000H,000H,000H		; BT_2D - 
 003C  4D				DB	04DH					; 
 003D  00 00 C3 E7 FF DB C3		DB	000H,000H,0C3H,0E7H,0FFH,0DBH,0C3H,0C3H ; TH_4D M 
       C3			
 0045  C3 C3 C3 00 00 00		DB	0C3H,0C3H,0C3H,000H,000H,000H		; BT_4D M 
 004B  54				DB	054H					; 
 004C  00 00 FF DB 99 18 18		DB	000H,000H,0FFH,0DBH,099H,018H,018H,018H ; TH_54 T 
       18			
 0054  18 18 3C 00 00 00		DB	018H,018H,03CH,000H,000H,000H		; BT_54 T 
 005A  56				DB	056H					; 
 005B  00 00 C3 C3 C3 C3 C3		DB	000H,000H,0C3H,0C3H,0C3H,0C3H,0C3H,0C3H ; TH_56 V 
       C3			
 0063  66 3C 18 00 00 00		DB	066H,03CH,018H,000H,000H,000H		; BT_56 V 
 0069  57				DB	057H					; 
 006A  00 00 C3 C3 C3 C3 DB		DB	000H,000H,0C3H,0C3H,0C3H,0C3H,0DBH,0DBH ; TH_57 W 
       DB			
 0072  FF 66 66 00 00 00		DB	0FFH,066H,066H,000H,000H,000H		; BT_57 W 
 0078  58				DB	058H					; 
 0079  00 00 C3 C3 66 3C 18		DB	000H,000H,0C3H,0C3H,066H,03CH,018H,03CH ; TH_58 X 
       3C			
 0081  66 C3 C3 00 00 00		DB	066H,0C3H,0C3H,000H,000H,000H		; BT_58 X 
 0087  59				DB	059H					; 
 0088  00 00 C3 C3 C3 66 3C		DB	000H,000H,0C3H,0C3H,0C3H,066H,03CH,018H ; TH_59 Y 
       18			
 0090  18 18 3C 00 00 00		DB	018H,018H,03CH,000H,000H,000H		; BT_59 Y 
 0096  5A				DB	05AH					; 
 0097  00 00 FF C3 86 0C 18		DB	000H,000H,0FFH,0C3H,086H,00CH,018H,030H ; TH_5A Z 
       30			
 009F  61 C3 FF 00 00 00		DB	061H,0C3H,0FFH,000H,000H,000H		; BT_5A Z 
 00A5  6D				DB	06DH					; 
 00A6  00 00 00 00 00 E6 FF		DB	000H,000H,000H,000H,000H,0E6H,0FFH,0DBH ; TH_60 L.C. M 
       DB			
 00AE  DB DB DB 00 00 00		DB	0DBH,0DBH,0DBH,000H,000H,000H		; BT_60 L.C. M 
 00B4  76				DB	076H					; 
 00B5  00 00 00 00 00 C3 C3		DB	000H,000H,000H,000H,000H,0C3H,0C3H,0C3H ; TH_76 L.C. V 
       C3			
 00BD  66 3C 18 00 00 00		DB	066H,03CH,018H,000H,000H,000H		; BT_76 L.C. V 
 00C3  77				DB	077H					; 
 00C4  00 00 00 00 00 C3 C3		DB	000H,000H,000H,000H,000H,0C3H,0C3H,0DBH ; TH_77 L.C. W 
       DB			
 00CC  DB FF 66 00 00 00		DB	0DBH,0FFH,066H,000H,000H,000H		; BT_77 L.C. W 
 00D2  91				DB	091H					; 
 00D3  00 00 00 00 6E 3B 1B		DB	000H,000H,000H,000H,06EH,03BH,01BH,07EH ; TH_91 
       7E			
 00DB  D8 DC 77 00 00 00		DB	0D8H,0DCH,077H,000H,000H,000H		; BT_91 
 00E1  9B				DB	09BH					; 
 00E2  00 18 18 7E C3 C0 C0		DB	000H,018H,018H,07EH,0C3H,0C0H,0C0H,0C3H ; TH_9B 
       C3			
 00EA  7E 18 18 00 00 00		DB	07EH,018H,018H,000H,000H,000H		; BT_98 
 00F0  9D				DB	09DH					; 
 00F1  00 00 C3 66 3C 18 FF		DB	000H,000H,0C3H,066H,03CH,018H,0FFH,018H ; TH_9D 
       18			
 00F9  FF 18 18 00 00 00		DB	0FFH,018H,018H,000H,000H,000H		; BT_9D 
 00FF  9E				DB	09EH					; 
 0100  00 FC 66 66 7C 62 66		DB	000H,0FCH,066H,066H,07CH,062H,066H,06FH ; TH_9E 
       6F			
 0108  66 66 F3 00 00 00		DB	066H,066H,0F3H,000H,000H,000H		; BT_9E 
 010E  F1				DB	0F1H					; 
 010F  00 00 18 18 18 FF 18		DB	000H,000H,018H,018H,018H,0FFH,018H,018H ; TH_F1 
       18			
 0117  18 00 FF 00 00 00		DB	018H,000H,0FFH,000H,000H,000H		; BT_F1 
 011D  F6				DB	0F6H					; 
 011E  00 00 18 18 00 00 FF		DB	000H,000H,018H,018H,000H,000H,0FFH,000H ; TH_F6 
       00			
 0126  00 18 18 00 00 00		DB	000H,018H,018H,000H,000H,000H		; BT_F6 
				ENDIF 
				;}1842 
 012C  00				DB	000H					; NO MORE 
 012D				CODE	ENDS 
					END 
Segments and Groups:

                N a m e         	Length	 Align	Combine Class

CODE . . . . . . . . . . . . . .  	012D	PARA	PUBLIC	

Symbols:            

                N a m e         	Type	 Value	 Attr

CGMN_FDG . . . . . . . . . . . .  	L BYTE	0000	CODE	Global

@FILENAME  . . . . . . . . . . .  	TEXT  VCGMNFDG		


     81 Source  Lines
     81 Total   Lines
      4 Symbols

  49722 + 415638 Bytes symbol space free

      0 Warning Errors
      0 Severe  Errors
